INFO - [♥] Lovely 0.8.0
INFO - [♥] Game directory is at "D:\\Steam\\steamapps\\common\\Balatro"
INFO - [♥] Writing logs to "C:\\Users\\xuech\\AppData\\Roaming\\Balatro\\Mods\\lovely\\log"
INFO - [♥] Using mod directory at "C:\\Users\\xuech\\AppData\\Roaming\\Balatro\\Mods"
WARN - [♥] Unknown key `patches.0.?.match_indent` found in patch file at "C:\\Users\\xuech\\AppData\\Roaming\\Balatro\\Mods\\3xCredits-main\\lovely\\card_credits.toml", ignoring it
WARN - [♥] Unknown key `patches.34.?.line_prepend` found in patch file at "C:\\Users\\xuech\\AppData\\Roaming\\Balatro\\Mods\\Balatrostuck-1.0.3\\lovely\\misc.toml", ignoring it
WARN - [♥] Unknown key `patches.1.?.line_prepend` found in patch file at "C:\\Users\\xuech\\AppData\\Roaming\\Balatro\\Mods\\Balatrostuck-1.0.3\\lovely\\slabs and caste.toml", ignoring it
WARN - [♥] Unknown key `patches.3.?.count` found in patch file at "C:\\Users\\xuech\\AppData\\Roaming\\Balatro\\Mods\\BetterTags-master\\lovely.toml", ignoring it
WARN - [♥] Unknown key `patches.5.?.count` found in patch file at "C:\\Users\\xuech\\AppData\\Roaming\\Balatro\\Mods\\BetterTags-master\\lovely.toml", ignoring it
WARN - [♥] Unknown key `patches.1.?.match_indent` found in patch file at "C:\\Users\\xuech\\AppData\\Roaming\\Balatro\\Mods\\Cartomancer-main\\lovely\\blinds-info.toml", ignoring it
WARN - [♥] Unknown key `patches.2.?.match_indent` found in patch file at "C:\\Users\\xuech\\AppData\\Roaming\\Balatro\\Mods\\Cartomancer-main\\lovely\\stackable-deck-steamodded.toml", ignoring it
WARN - [♥] Unknown key `patches.4.?.match_indent` found in patch file at "C:\\Users\\xuech\\AppData\\Roaming\\Balatro\\Mods\\Cartomancer-main\\lovely\\stackable-deck-steamodded.toml", ignoring it
WARN - [♥] Unknown key `patches.6.?.match_indent` found in patch file at "C:\\Users\\xuech\\AppData\\Roaming\\Balatro\\Mods\\Cartomancer-main\\lovely\\stackable-deck-steamodded.toml", ignoring it
INFO - [♥] Cleaning up dumps directory at "C:\\Users\\xuech\\AppData\\Roaming\\Balatro\\Mods\\lovely\\dump"
INFO - [♥] Initialization complete in 32ms
WARN - [♥] Pattern 'assert(load(nfs.read(Saturn.PATH .. \"/core/logic/hide_played.lua\")))()' on target 'main.lua' for pattern patch from Cartomancer-main\lovely\saturn-compat.toml resulted in no matches
WARN - [♥] Pattern 'modded and {' on target 'main.lua' for pattern patch from Cartomancer-main\lovely\stackable-deck-steamodded-0.9.8.toml resulted in no matches
INFO - [♥] Applied 15 patches to 'main.lua'
INFO - [♥] Applied 2 patches to 'engine/string_packer.lua'
WARN - [♥] Pattern '                    G.challenge_tab = G.CHALLENGES[get_challenge_int_from_id(G.GAME.challenge or \'\') or \'\'] or {name = \'ERROR\'}' on target 'engine/controller.lua' for pattern patch from Balatro-Aikoyoris-Shenanigans-main\lovely\challenges.toml resulted in no matches
WARN - [♥] Pattern '                    G.challenge_tab = G.CHALLENGES[get_challenge_int_from_id(G.GAME.challenge or \'\') or \'\'] or {name = \'ERROR\'}' on target 'engine/controller.lua' for pattern patch from Balatro-Aikoyoris-Shenanigans-main\lovely\challenges.toml resulted in no matches
INFO - [♥] Applied 9 patches to 'engine/controller.lua'
INFO - [♥] Applied 19 patches to 'back.lua'
WARN - [♥] Pattern 'if self.name == \'Double Tag\' and _context.tag.key ~= \'tag_double\' then' on target 'tag.lua' for pattern patch from Bunco-5.4.7a-JumboFork\lovely.toml resulted in no matches
INFO - [♥] Applied 21 patches to 'tag.lua'
INFO - [♥] Applied 6 patches to 'engine/event.lua'
WARN - [♥] Pattern '    if self.config and self.config.h_popup then\n        if not self.children.h_popup then \n            self.config.h_popup_config.instance_type = \'POPUP\'\n            self.children.h_popup = UIBox{\n                definition = self.config.h_popup,\n                config = self.config.h_popup_config,\n            }\n            self.children.h_popup.states.collide.can = false\n            self.children.h_popup.states.drag.can = true\n        end\n    end' on target 'engine/node.lua' for pattern patch from Balatro-Aikoyoris-Shenanigans-main\lovely\ui.toml resulted in no matches
WARN - [♥] Pattern '    if self.config and self.config.h_popup then\n        if not self.children.h_popup then \n            self.config.h_popup_config.instance_type = \'POPUP\'\n            self.children.h_popup = UIBox{\n                definition = self.config.h_popup,\n                config = self.config.h_popup_config,\n            }\n            self.children.h_popup.states.collide.can = false\n            self.children.h_popup.states.drag.can = true\n        end\n    end' on target 'engine/node.lua' for pattern patch from Balatro-Aikoyoris-Shenanigans-main\lovely\ui.toml resulted in no matches
INFO - [♥] Applied 5 patches to 'engine/node.lua'
INFO - [♥] Applied 3 patches to 'engine/moveable.lua'
INFO - [♥] Applied 3 patches to 'engine/sprite.lua'
INFO - [♥] Applied 4 patches to 'engine/animatedsprite.lua'
WARN - [♥] Pattern 'G.ARGS.score_intensity.earned_score = G.GAME.current_round.current_hand.chips*G.GAME.current_round.current_hand.mult\n' on target 'functions/misc_functions.lua' for pattern patch from Amulet\lovely\anims.toml resulted in no matches
WARN - [♥] Pattern 'G.ARGS.score_intensity.earned_score = SMODS.calculate_round_score(true)\n' on target 'functions/misc_functions.lua' for pattern patch from Amulet\lovely\anims.toml resulted in no matches
WARN - [♥] Pattern 'local four_fingers = next(find_joker(\'Four Fingers\'))' on target 'functions/misc_functions.lua' for pattern patch from BalatroBakery-main\lovely.toml resulted in no matches
INFO - [♥] Applied 102 patches to 'functions/misc_functions.lua'
WARN - [♥] Pattern 'for k, v in pairs(self.MOVEABLES) do' on target 'game.lua' for pattern patch from Balatro-Aikoyoris-Shenanigans-main\lovely\cardarea.toml resulted in 2 matches, wanted 1
WARN - [♥] Ignoring excess matches
WARN - [♥] Pattern '                if _ch.restrictions.banned_other then\n                    for k, v in ipairs(_ch.restrictions.banned_other) do\n                        G.GAME.banned_keys[v.id] = true\n                    end\n                end\n            end' on target 'game.lua' for pattern patch from Balatro-Aikoyoris-Shenanigans-main\lovely\challenges.toml resulted in no matches
WARN - [♥] Pattern '        if to_big(G.GAME.chips) >= to_big(G.GAME.blind.chips) or G.GAME.current_round.hands_left < 1 then\n            G.STATE = G.STATES.NEW_ROUND\n\n        else\n            G.STATE = G.STATES.DRAW_TO_HAND\n        end' on target 'game.lua' for pattern patch from Balatro-Aikoyoris-Shenanigans-main\lovely\talisman-fixes.toml resulted in no matches
WARN - [♥] Pattern '        if to_big(G.GAME.chips) >= to_big(G.GAME.blind.chips) or G.GAME.current_round.hands_left < 1 then\n            G.STATE = G.STATES.NEW_ROUND\n\n        else\n            G.STATE = G.STATES.DRAW_TO_HAND\n        end' on target 'game.lua' for pattern patch from Balatro-Aikoyoris-Shenanigans-main\lovely\talisman-fixes.toml resulted in no matches
INFO - [♥] Applied 145 patches to 'game.lua'
INFO - [♥] Applied 6 patches to 'globals.lua'
WARN - [♥] Pattern 'self.config.chosen = true' on target 'engine/ui.lua' for pattern patch from Cartomancer-main\lovely\vanilla-ui.toml resulted in no matches
INFO - [♥] Applied 10 patches to 'engine/ui.lua'
WARN - [♥] Pattern '{n=G.UIT.T, config={text = G.GAME.hands[handname].chips, scale = 0.45, colour = G.C.UI.TEXT_LIGHT}},' on target 'functions/UI_definitions.lua' for pattern patch from Amulet\lovely\numfmt.toml resulted in no matches
WARN - [♥] Pattern '{n=G.UIT.T, config={text = G.GAME.hands[handname].mult, scale = 0.45, colour = G.C.UI.TEXT_LIGHT}}' on target 'functions/UI_definitions.lua' for pattern patch from Amulet\lovely\numfmt.toml resulted in no matches
WARN - [♥] Pattern 'local challenge = G.CHALLENGES[args._id] or Entropy.GetDailyChallenge()' on target 'functions/UI_definitions.lua' for pattern patch from Balatro-Aikoyoris-Shenanigans-main\lovely\challenges.toml resulted in no matches
WARN - [♥] Pattern '              timer_type = \'TOTAL\',\n              timer = 5,\n              scale = 2.4*(args.backdrop_scale or 1), \n              lifespan = 5,\n              speed = 0,,' on target 'functions/UI_definitions.lua' for pattern patch from Balatro-Aikoyoris-Shenanigans-main\lovely\ui.toml resulted in no matches
WARN - [♥] Pattern 'local card = create_card(v.type, area, nil, nil, nil, nil, nil, \'sho\')' on target 'functions/UI_definitions.lua' for pattern patch from balatro-plus-main\lovely\joker.toml resulted in no matches
WARN - [♥] Pattern 'local card = create_card(v.type, area, nil, nil, nil, nil, nil, \'sho\')' on target 'functions/UI_definitions.lua' for pattern patch from Balatrostuck-1.0.3\lovely\contexts.toml resulted in no matches
WARN - [♥] Pattern '_tag.HUD_tag = G.HUD_tags[#G.HUD_tags]' on target 'functions/UI_definitions.lua' for pattern patch from Balatrostuck-1.0.3\lovely\slabs and caste.toml resulted in no matches
WARN - [♥] Pattern 'local card = create_card(v.type, area, nil, nil, nil, nil, nil, \'sho\')' on target 'functions/UI_definitions.lua' for pattern patch from CelesteCardCollection-main\lovely\j_badeline.toml resulted in no matches
WARN - [♥] Pattern 'function add_tag(_tag)' on target 'functions/UI_definitions.lua' for pattern patch from Bunco-5.4.7a-JumboFork\lovely.toml resulted in no matches
WARN - [♥] Pattern 'if _stake_center then localize{type = \'descriptions\', key = _stake_center.key, set = _stake_center.set, nodes = ret_nodes} end' on target 'functions/UI_definitions.lua' for pattern patch from Bunco-5.4.7a-JumboFork\lovely.toml resulted in no matches
WARN - [♥] Regex 'local t2 = ' on target 'functions/UI_definitions.lua' for regex patch from BalatroBakery-main\lovely.toml resulted in 2 matches, wanted 1
WARN - [♥] Ignoring excess matches
INFO - [♥] Applied 226 patches to 'functions/UI_definitions.lua'
WARN - [♥] Pattern 'if effects.jokers.Xmult_mod then mult = mod_mult(mult*effects.jokers.Xmult_mod);extras.mult = true  end' on target 'functions/state_events.lua' for pattern patch from Amulet\lovely\card.toml resulted in no matches
WARN - [♥] Pattern 'if effect.Xmult_mod then mult = mod_mult(mult*effect.Xmult_mod);extras.mult = true  end' on target 'functions/state_events.lua' for pattern patch from Amulet\lovely\card.toml resulted in no matches
WARN - [♥] Pattern 'if effects[ii].message then' on target 'functions/state_events.lua' for pattern patch from Amulet\lovely\card.toml resulted in no matches
WARN - [♥] Pattern '--calculate the card edition effects' on target 'functions/state_events.lua' for pattern patch from Amulet\lovely\card.toml resulted in no matches
WARN - [♥] Pattern 'if effects[ii].edition.p_dollars_mod then' on target 'functions/state_events.lua' for pattern patch from Amulet\lovely\card.toml resulted in no matches
WARN - [♥] Pattern 'if edition_effects.jokers.x_mult_mod then' on target 'functions/state_events.lua' for pattern patch from Amulet\lovely\card.toml resulted in no matches
WARN - [♥] Pattern 'if effects[ii].card then' on target 'functions/state_events.lua' for pattern patch from Amulet\lovely\noanims.toml resulted in no matches
WARN - [♥] Pattern '                        if G.GAME.blind_on_deck == \'Small\' then\n                            G.GAME.round_resets.blind_states.Small = \'Defeated\'' on target 'functions/state_events.lua' for pattern patch from Balatro-Aikoyoris-Shenanigans-main\lovely\blinds.toml resulted in no matches
WARN - [♥] Pattern 'SMODS.calculate_context({discard = true, other_card =  G.hand.highlighted[i], full_hand = G.hand.highlighted}, effects)' on target 'functions/state_events.lua' for pattern patch from Balatro-Hevven-main\lovely\call_response.toml resulted in no matches
WARN - [♥] Pattern 'check_and_set_high_score(\'hand\', hand_chips*mult)' on target 'functions/state_events.lua' for pattern patch from Balatro-Hevven-main\lovely\flow.toml resulted in no matches
WARN - [♥] Pattern 'if G.GAME.blind:get_type() == \'Boss\' then' on target 'functions/state_events.lua' for pattern patch from Balatrostuck-1.0.3\lovely\misc.toml resulted in no matches
WARN - [♥] Pattern 'G.GAME.won = true' on target 'functions/state_events.lua' for pattern patch from Balatrostuck-1.0.3\lovely\misc.toml resulted in 2 matches, wanted 1
WARN - [♥] Ignoring excess matches
WARN - [♥] Pattern 'local percent = 0.3' on target 'functions/state_events.lua' for pattern patch from Bmblinds\lovely.toml resulted in no matches
WARN - [♥] Pattern 'if G.GAME.blind:get_type() == \'Boss\' then' on target 'functions/state_events.lua' for pattern patch from CelesteCardCollection-main\lovely\b_bside.toml resulted in no matches
WARN - [♥] Pattern 'if G.GAME.round_resets.ante == G.GAME.win_ante and G.GAME.blind:get_type() == \'Boss\' then' on target 'functions/state_events.lua' for pattern patch from CelesteCardCollection-main\lovely\b_bside.toml resulted in no matches
WARN - [♥] Pattern 'if G.GAME.round_resets.blind == G.P_BLINDS.bl_small then' on target 'functions/state_events.lua' for pattern patch from CelesteCardCollection-main\lovely\b_bside.toml resulted in no matches
WARN - [♥] Pattern 'elseif G.GAME.round_resets.blind == G.P_BLINDS.bl_big then' on target 'functions/state_events.lua' for pattern patch from CelesteCardCollection-main\lovely\b_bside.toml resulted in no matches
WARN - [♥] Pattern 'if G.GAME.blind.name == \'The Serpent\' and\n' on target 'functions/state_events.lua' for pattern patch from CelesteCardCollection-main\lovely\b_bside.toml resulted in no matches
WARN - [♥] Pattern 'if not G.GAME.blind:debuff_hand(G.play.cards, poker_hands, text) then\n' on target 'functions/state_events.lua' for pattern patch from CelesteCardCollection-main\lovely\b_bside.toml resulted in no matches
WARN - [♥] Pattern '-- TARGET: setting_blind effects' on target 'functions/state_events.lua' for pattern patch from BalatroBakery-main\lovely.toml resulted in 2 matches, wanted 1
WARN - [♥] Ignoring excess matches
WARN - [♥] Regex '([^)p])/(5)' on target 'functions/state_events.lua' for regex patch from BalatroBakery-main\lovely.toml resulted in 3 matches, wanted 7
WARN - [♥] Regex '>= (to_big)?\\(5\\)' on target 'functions/state_events.lua' for regex patch from BalatroBakery-main\lovely.toml resulted in no matches
INFO - [♥] Applied 177 patches to 'functions/state_events.lua'
WARN - [♥] Pattern 'if num_dollars > 60 then' on target 'functions/common_events.lua' for pattern patch from Amulet\lovely\fixes.toml resulted in no matches
WARN - [♥] Pattern 'local delta = (type(vals.chips) == \'number\' and type(G.GAME.current_round.current_hand.chips) == \'number\') and (vals.chips - G.GAME.current_round.current_hand.chips) or 0' on target 'functions/common_events.lua' for pattern patch from Amulet\lovely\typefix.toml resulted in no matches
WARN - [♥] Pattern 'local delta = (type(vals.mult) == \'number\' and type(G.GAME.current_round.current_hand.mult) == \'number\')and (vals.mult - G.GAME.current_round.current_hand.mult) or 0' on target 'functions/common_events.lua' for pattern patch from Amulet\lovely\typefix.toml resulted in no matches
WARN - [♥] Pattern '            G.E_MANAGER:add_event(Event({ --Add bonus chips from this card\n                    trigger = \'before\',\n                    delay = delay,\n                    func = function()\n                    if extrafunc then extrafunc() end\n                    attention_text({\n                        text = text,\n                        scale = config.scale or 1, \n                        hold = delay - 0.2,\n                        backdrop_colour = colour,\n                        align = card_aligned,\n                        major = card,\n                        offset = {x = 0, y = y_off}\n                    })\n                    play_sound(sound, 0.8+percent*0.2, volume)\n                    if not extra or not extra.no_juice then\n                        card:juice_up(0.6, 0.1)\n                        G.ROOM.jiggle = G.ROOM.jiggle + 0.7\n                    end\n                    return true\n                    end\n            }))' on target 'functions/common_events.lua' for pattern patch from Balatro-Aikoyoris-Shenanigans-main\lovely\cardalignment.toml resulted in no matches
WARN - [♥] Pattern 'if not v.config.softlock then\n    softlocked = softlocked' on target 'functions/common_events.lua' for pattern patch from Balatro-Aikoyoris-Shenanigans-main\lovely\planets.toml resulted in no matches
WARN - [♥] Pattern 'local blind_sprite = Sprite(0, 0, 0.7,0.7, G.ASSET_ATLAS[\'tags\'], copy_table(config.pos))' on target 'functions/common_events.lua' for pattern patch from balatro-plus-main\lovely\tag.toml resulted in no matches
WARN - [♥] Pattern '{n=G.UIT.O, config={object = DynaText({string = {\' \'..localize(\'ph_mr_bones\')..\' \'}, colours = {G.C.FILTER}, shadow = true, pop_in = 0, scale = 0.5*scale, silent = true})}}' on target 'functions/common_events.lua' for pattern patch from Balatrostuck-1.0.3\lovely\misc.toml resulted in no matches
WARN - [♥] Pattern 'if num_dollars < 0 then dollars_to_loop = num_dollars*-1 else dollars_to_loop = num_dollars end' on target 'functions/common_events.lua' for pattern patch from BlindEditions-main\lovely.toml resulted in no matches
WARN - [♥] Regex 'or \'ph_mr_bones\'\\)..\' \'}, colours = \\{G.C.FILTER' on target 'functions/common_events.lua' for regex patch from Balatro-Hevven-main\lovely\flow.toml resulted in no matches
INFO - [♥] Applied 231 patches to 'functions/common_events.lua'
WARN - [♥] Pattern '    if #G.hand.highlighted <= 0 or G.GAME.blind.block_play or #G.hand.highlighted > 5 then ' on target 'functions/button_callbacks.lua' for pattern patch from Balatro-Aikoyoris-Shenanigans-main\lovely\selectionlimit.toml resulted in no matches
WARN - [♥] Pattern 'if G.GAME.current_round.discards_left <= 0 or #G.hand.highlighted <= 0 then' on target 'functions/button_callbacks.lua' for pattern patch from balatro-plus-main\lovely\blind.toml resulted in no matches
WARN - [♥] Pattern 'if not v.demo and not v.wip then' on target 'functions/button_callbacks.lua' for pattern patch from Balatrostuck-1.0.3\lovely\misc.toml resulted in 3 matches, wanted 1
WARN - [♥] Ignoring excess matches
WARN - [♥] Pattern 'G.GAME.round_resets.blind_tags.Big = get_next_tag_key()' on target 'functions/button_callbacks.lua' for pattern patch from Balatrostuck-1.0.3\lovely\misc.toml resulted in no matches
WARN - [♥] Pattern '    not (card.ability.consumeable and #G.consumeables.cards < G.consumeables.config.card_limit + ((card.edition and card.edition.negative) and 1 or 0)) then' on target 'functions/button_callbacks.lua' for pattern patch from Balatrostuck-1.0.3\lovely\misc.toml resulted in no matches
WARN - [♥] Pattern 'not (card.ability.set == \'Joker\' and #G.jokers.cards < G.jokers.config.card_limit + ((card.edition and card.edition.negative) and 1 or 0)) and' on target 'functions/button_callbacks.lua' for pattern patch from Balatrostuck-1.0.3\lovely\misc.toml resulted in no matches
INFO - [♥] Applied 95 patches to 'functions/button_callbacks.lua'
WARN - [♥] Pattern 'x_mult = center.config.Xmult or 1,' on target 'card.lua' for pattern patch from Amulet\lovely\card.toml resulted in no matches
WARN - [♥] Pattern 'if G.GAME.blind then G.E_MANAGER:add_event(Event({ func = function() G.GAME.blind:set_blind(nil, true, nil); return true end })) end' on target 'card.lua' for pattern patch from Amulet\lovely\noanims.toml resulted in no matches
WARN - [♥] Pattern 'if not SMODS.has_any_suit(context.scoring_hand[i]) then' on target 'card.lua' for pattern patch from balatro_reverse_tarots-master\lovely\tarot.toml resulted in 1 matches, wanted 2
WARN - [♥] Pattern 'elseif context.scoring_hand[i]:is_suit(\'Hearts\') and suits[\"Hearts\"] == 0  then suits[\"Hearts\"] = suits[\"Hearts\"] + 1 end\n                                end' on target 'card.lua' for pattern patch from balatro_reverse_tarots-master\lovely\tarot.toml resulted in no matches
WARN - [♥] Pattern 'if (context.other_card:get_id() == 8) and (pseudorandom(\'8ball\') < G.GAME.probabilities.normal/self.ability.extra) then' on target 'card.lua' for pattern patch from balatro_reverse_tarots-master\lovely\tarot.toml resulted in no matches
WARN - [♥] Pattern 'if self.ability.name == \'Sixth Sense\' and #context.full_hand == 1 and context.full_hand[1]:get_id() == 6 and G.GAME.current_round.hands_played == 0 then' on target 'card.lua' for pattern patch from balatro_reverse_tarots-master\lovely\tarot.toml resulted in no matches
WARN - [♥] Pattern 'if self.ability.consumeable then\n                G.consumeables.config.card_limit = G.consumeables.config.card_limit - self.edition.card_limit' on target 'card.lua' for pattern patch from balatro_reverse_tarots-master\lovely\tarot.toml resulted in no matches
WARN - [♥] Pattern 'G.consumeables.config.card_limit = G.consumeables.config.card_limit + self.edition.card_limit' on target 'card.lua' for pattern patch from balatro_reverse_tarots-master\lovely\tarot.toml resulted in no matches
WARN - [♥] Pattern '                    bonus_chips = (self.ability.bonus + (self.ability.perma_bonus or 0)) > 0 and (self.ability.bonus + (self.ability.perma_bonus or 0)) or nil,\n' on target 'card.lua' for pattern patch from Balatrostuck-1.0.3\lovely\misc.toml resulted in no matches
WARN - [♥] Pattern 'if context.cardarea == G.play then
WARN - [♥] ' on target 'card.lua' for pattern patch from Balatrostuck-1.0.3\lovely\unlocks.toml resulted in 2 matches, wanted 1
WARN - [♥] Ignoring excess matches
WARN - [♥] Pattern 'if self.seal == \'Gold\' then G.shared_seals[self.seal]:draw_shader(\'voucher\', nil, self.ARGS.send_to_shader, nil, self.children.center) end' on target 'card.lua' for pattern patch from Bmseals\lovely.toml resulted in no matches
WARN - [♥] Pattern 'if self.seal == \'Blue\' and #G.consumeables.cards + G.GAME.consumeable_buffer < G.consumeables.config.card_limit and not self.ability.extra_enhancement then' on target 'card.lua' for pattern patch from CelesteCardCollection-main\lovely\j_rainbowspinner.toml resulted in no matches
WARN - [♥] Regex '[ \\t]*for k, v in pairs\\(G\\.jokers\\.cards\\) do\n[ \\t]*if v ~= eligible_card and \\(not v\\.ability\\.eternal\\) then v:start_dissolve\\(nil, _first_dissolve\\);_first_dissolve = true end\n[ \\t]*end\n' on target 'card.lua' for regex patch from balatro-plus-main\lovely\misc.toml resulted in no matches
WARN - [♥] Pattern 'SMODS.calculate_context({open_booster = true, card = self})' on target 'card.lua' for pattern patch from Bunco-5.4.7a-JumboFork\lovely.toml resulted in no matches
WARN - [♥] Pattern 'G.GAME.pack_choices = *' on target 'card.lua' for pattern patch from Bunco-5.4.7a-JumboFork\lovely.toml resulted in 3 matches, wanted 1
WARN - [♥] Ignoring excess matches
INFO - [♥] Applied 361 patches to 'card.lua'
WARN - [♥] Regex 'ref_value = \'card_limit\',' on target 'cardarea.lua' for regex patch from BalatroBakery-main\lovely.toml resulted in no matches
INFO - [♥] Applied 48 patches to 'cardarea.lua'
INFO - [♥] Applied 75 patches to 'blind.lua'
INFO - [♥] Applied 10 patches to 'card_character.lua'
INFO - [♥] Applied 1 patch to 'engine/particles.lua'
INFO - [♥] Applied 17 patches to 'engine/text.lua'
WARN - [♥] Pattern '        if G.GAME.blind then t[#t + 1] = { object = G.GAME.blind, scored_card = G.GAME.blind.children.animatedSprite } end' on target '=[SMODS _ "src/utils.lua"]' for pattern patch from Balatro-Aikoyoris-Shenanigans-main\lovely\rendering.toml resulted in no matches
WARN - [♥] Pattern '-- TARGET: add your own individual scoring targets' on target '=[SMODS _ "src/utils.lua"]' for pattern patch from Balatrostuck-1.0.3\lovely\slabs and caste.toml resulted in 1 matches, wanted 3
INFO - [♥] Applied 13 patches to '=[SMODS _ "src/utils.lua"]'
WARN - [♥] Pattern '\t\t\t})}} or nil,\n\t\t}}' on target '=[SMODS _ "src/overrides.lua"]' for pattern patch from Balatro-Aikoyoris-Shenanigans-main\lovely\ui.toml resulted in no matches
WARN - [♥] Pattern 'function get_straight(hand)' on target '=[SMODS _ "src/overrides.lua"]' for pattern patch from balatro_reverse_tarots-master\lovely\tarot.toml resulted in no matches
WARN - [♥] Pattern 'card_limit = #SUITS[suit_map[j]],' on target '=[SMODS _ "src/overrides.lua"]' for pattern patch from Cartomancer-main\lovely\stackable-deck-steamodded.toml resulted in no matches
WARN - [♥] Pattern 'card_limit = #SUITS[visible_suit[j]],' on target '=[SMODS _ "src/overrides.lua"]' for pattern patch from Cartomancer-main\lovely\stackable-deck-steamodded.toml resulted in no matches
WARN - [♥] Regex '\t\t\tfor i = 1\\, \\#SUITS\\[suit_map\\[j\\]\\] do\n\t\t\t\tif SUITS\\[suit_map\\[j\\]\\]\\[i\\] then\n\t\t\t\t\tlocal greyed\\, _scale = nil\\, 0\\.7\n\t\t\t\t\tif unplayed_only and not \\(\\(SUITS\\[suit_map\\[j\\]\\]\\[i\\]\\.area and SUITS\\[suit_map\\[j\\]\\]\\[i\\]\\.area == G\\.deck\\) or SUITS\\[suit_map\\[j\\]\\]\\[i\\]\\.ability\\.wheel_flipped\\) then\n\t\t\t\t\t\tgreyed = true\n\t\t\t\t\tend\n\t\t\t\t\tlocal copy = copy_card\\(SUITS\\[suit_map\\[j\\]\\]\\[i\\]\\, nil\\, _scale[^\\)\\n]*\\)\n\t\t\t\t\tcopy\\.greyed = greyed\n\t\t\t\t\tcopy\\.T\\.x = view_deck\\.T\\.x \\+ view_deck\\.T\\.w \\/ 2\n\t\t\t\t\tcopy\\.T\\.y = view_deck\\.T\\.y\n\n\t\t\t\t\tcopy:hard_set_T\\(\\)\n\t\t\t\t\tview_deck:emplace\\(copy\\)\n\t\t\t\tend\n\t\t\tend' on target '=[SMODS _ "src/overrides.lua"]' for regex patch from Cartomancer-main\lovely\stackable-deck-steamodded.toml resulted in no matches
INFO - [♥] Applied 23 patches to '=[SMODS _ "src/overrides.lua"]'
WARN - [♥] Pattern '            if specific_vars and specific_vars.bonus_h_dollars then\n                localize{type = \'other\', key = \'card_extra_h_dollars\', nodes = desc_nodes, vars = {SMODS.signed_dollars(specific_vars.bonus_h_dollars)}}\n            end' on target '=[SMODS _ "src/game_object.lua"]' for pattern patch from Balatro-Aikoyoris-Shenanigans-main\lovely\scoring.toml resulted in no matches
INFO - [♥] Applied 8 patches to '=[SMODS _ "src/game_object.lua"]'
INFO - [G] Failed to connect to the debug server
INFO - [G] 2026-01-02 19:59:00 :: DEBUG :: DebugConsole :: Steamodded Debug Socket started !
INFO - [G] 2026-01-02 19:59:00 :: INFO  :: SMODS :: Steamodded v1.0.0~BETA-1224a
INFO - [G] [Blueprint] Starting to load config
INFO - [G] [Blueprint] Reading config file: 
INFO - [G] [Blueprint] return {
	["INTERNAL_debug"] = false,
	["hello"] = true,
	["brainstorm"] = true,
	["blueprint"] = true,
}
INFO - [G] [Blueprint] Removing setting `hello` because it is not in default config
INFO - [♥] Applied 9 patches to 'engine/sound_manager.lua'
INFO - [♥] Applied 1 patch to 'engine/save_manager.lua'
INFO - [♥] Applied 2 patches to 'engine/string_packer.lua'
INFO - [G] Loaded all Blueprint mod shaders successfully
INFO - [♥] Applied 8 patches to '=[SMODS _ "src/card_draw.lua"]'
INFO - [G] 2026-01-02 19:59:00 :: INFO  :: Loader :: Valid JSON file found
INFO - [G] 2026-01-02 19:59:00 :: TRACE :: Loader :: Processing Mod file (Legacy header): Actions.lua
INFO - [G] 2026-01-02 19:59:00 :: TRACE :: Loader :: Saving Mod Info: ACT
INFO - [G] 2026-01-02 19:59:00 :: TRACE :: Loader :: Processing Mod file (Legacy header): Always_Show_Seed.lua
INFO - [G] 2026-01-02 19:59:00 :: TRACE :: Loader :: Saving Mod Info: Infarctus_Always_Show_Seed
INFO - [G] 2026-01-02 19:59:00 :: ERROR :: Loader :: Found invalid metadata JSON file at C:\Users\xuech\AppData\Roaming\Balatro\Mods/Amulet/manifest.json, ignoring: [SMODS _ "src/loader.lua"]:226: id
INFO - [G] 2026-01-02 19:59:00 :: INFO  :: Loader :: Valid JSON file found
INFO - [G] 2026-01-02 19:59:00 :: TRACE :: Loader :: Processing Mod file (Legacy header): Azazel.lua
INFO - [G] 2026-01-02 19:59:00 :: TRACE :: Loader :: Saving Mod Info: AzzysJokers
INFO - [G] 2026-01-02 19:59:00 :: ERROR :: Loader :: Found invalid metadata JSON file at C:\Users\xuech\AppData\Roaming\Balatro\Mods/Balatro-Aikoyoris-Shenanigans-main/.luarc.json, ignoring: [SMODS _ "src/loader.lua"]:226: id
INFO - [G] 2026-01-02 19:59:00 :: ERROR :: Loader :: Found invalid metadata JSON file at C:\Users\xuech\AppData\Roaming\Balatro\Mods/Balatro-Aikoyoris-Shenanigans-main/.vscode/settings.json, ignoring: [SMODS _ "src/loader.lua"]:226: id
INFO - [G] 2026-01-02 19:59:00 :: INFO  :: Loader :: Valid JSON file found
INFO - [G] 2026-01-02 19:59:00 :: INFO  :: Loader :: Valid JSON file found
INFO - [G] 2026-01-02 19:59:00 :: TRACE :: Loader :: Processing Mod file (Legacy header): BalatroJokersPlus.lua
INFO - [G] 2026-01-02 19:59:00 :: TRACE :: Loader :: Saving Mod Info: BalatroJokersPLUS
INFO - [G] 2026-01-02 19:59:00 :: INFO  :: Loader :: Valid JSON file found
INFO - [G] 2026-01-02 19:59:00 :: ERROR :: Loader :: Found invalid metadata JSON file at C:\Users\xuech\AppData\Roaming\Balatro\Mods/Balatrostuck-1.0.3/.vscode/settings.json, ignoring: [SMODS _ "src/loader.lua"]:226: id
INFO - [G] 2026-01-02 19:59:00 :: INFO  :: Loader :: Valid JSON file found
INFO - [G] 2026-01-02 19:59:00 :: INFO  :: Loader :: Valid JSON file found
INFO - [G] 2026-01-02 19:59:00 :: TRACE :: Loader :: Processing Mod file (Legacy header): BetterIllusion.lua
INFO - [G] 2026-01-02 19:59:00 :: TRACE :: Loader :: Saving Mod Info: betterillusion
INFO - [G] 2026-01-02 19:59:00 :: TRACE :: Loader :: Processing Mod file (Legacy header): BetterMouseAndGamepad_v1.0.6c.lua
INFO - [G] 2026-01-02 19:59:00 :: TRACE :: Loader :: Saving Mod Info: BetterMouseAndGamepad
INFO - [G] 2026-01-02 19:59:00 :: INFO  :: Loader :: Valid JSON file found
INFO - [G] 2026-01-02 19:59:00 :: TRACE :: Loader :: Processing Mod file (Legacy header): BlindEditions.lua
INFO - [G] 2026-01-02 19:59:00 :: TRACE :: Loader :: Saving Mod Info: BlindEditions
INFO - [G] 2026-01-02 19:59:00 :: TRACE :: Loader :: Processing Mod file (Legacy header): mod.lua
INFO - [G] 2026-01-02 19:59:00 :: TRACE :: Loader :: Saving Mod Info: blueprint
INFO - [G] 2026-01-02 19:59:00 :: TRACE :: Loader :: Processing Mod file (Legacy header): Bmjokers.lua
INFO - [G] 2026-01-02 19:59:00 :: TRACE :: Loader :: Saving Mod Info: Bmjokers
INFO - [G] 2026-01-02 19:59:00 :: TRACE :: Loader :: Processing Mod file (Legacy header): Bmmanualtags.lua
INFO - [G] 2026-01-02 19:59:00 :: TRACE :: Loader :: Saving Mod Info: Bmmanualtags
INFO - [G] 2026-01-02 19:59:00 :: TRACE :: Loader :: Processing Mod file (Legacy header): Bmportable.lua
INFO - [G] 2026-01-02 19:59:00 :: TRACE :: Loader :: Saving Mod Info: Bmportable
INFO - [G] 2026-01-02 19:59:00 :: TRACE :: Loader :: Processing Mod file (Legacy header): Bmwallet.lua
INFO - [G] 2026-01-02 19:59:00 :: TRACE :: Loader :: Saving Mod Info: Bmwallet
INFO - [G] 2026-01-02 19:59:00 :: TRACE :: Loader :: Processing Mod file (Legacy header): Bmbacks.lua
INFO - [G] 2026-01-02 19:59:00 :: TRACE :: Loader :: Saving Mod Info: Bmbacks
INFO - [G] 2026-01-02 19:59:00 :: TRACE :: Loader :: Processing Mod file (Legacy header): Bmblinds.lua
INFO - [G] 2026-01-02 19:59:00 :: TRACE :: Loader :: Saving Mod Info: Bmblinds
INFO - [G] 2026-01-02 19:59:00 :: TRACE :: Loader :: Processing Mod file (Legacy header): Bmconsumables.lua
INFO - [G] 2026-01-02 19:59:00 :: TRACE :: Loader :: Saving Mod Info: Bmconsumables
INFO - [G] 2026-01-02 19:59:00 :: TRACE :: Loader :: Processing Mod file (Legacy header): Bmseals.lua
INFO - [G] 2026-01-02 19:59:00 :: TRACE :: Loader :: Saving Mod Info: Bmseals
INFO - [G] 2026-01-02 19:59:00 :: TRACE :: Loader :: Processing Mod file (Legacy header): Bmvouchers.lua
INFO - [G] 2026-01-02 19:59:00 :: TRACE :: Loader :: Saving Mod Info: Bmvouchers
INFO - [G] 2026-01-02 19:59:00 :: INFO  :: Loader :: Valid JSON file found
INFO - [G] 2026-01-02 19:59:00 :: INFO  :: Loader :: Valid JSON file found
INFO - [G] 2026-01-02 19:59:00 :: TRACE :: Loader :: Processing Mod file (Legacy header): mod.lua
INFO - [G] 2026-01-02 19:59:00 :: TRACE :: Loader :: Saving Mod Info: cartomancer
INFO - [G] 2026-01-02 19:59:00 :: INFO  :: Loader :: Valid JSON file found
INFO - [G] 2026-01-02 19:59:00 :: ERROR :: Loader :: Found invalid metadata JSON file at C:\Users\xuech\AppData\Roaming\Balatro\Mods/CelesteCardCollection-main/settings.json, ignoring: [lovely json "libs/json/json.lua"]:185: expected string for key at line 3 col 57
INFO - [G] 2026-01-02 19:59:00 :: ERROR :: Loader :: Found invalid metadata JSON file at C:\Users\xuech\AppData\Roaming\Balatro\Mods/balatro-plus-main/.emmyrc.json, ignoring: [SMODS _ "src/loader.lua"]:226: id
INFO - [G] 2026-01-02 19:59:00 :: INFO  :: Loader :: Valid JSON file found
INFO - [G] 2026-01-02 19:59:00 :: INFO  :: Loader :: Valid JSON file found
INFO - [G] 2026-01-02 19:59:00 :: WARN  :: Atlas :: Detected duplicate register call on object c3x_modicon
INFO - [G] 2026-01-02 19:59:00 :: INFO  :: Bakery :: pairs() and ipairs() patched. Reason: Convenience
INFO - [G] 2026-01-02 19:59:00 :: INFO  :: Bakery :: Blind:modify_hand(), update_hand_text(), and Back:trigger_effect() patched. Reason: Scoring tags
INFO - [G] 2026-01-02 19:59:00 :: INFO  :: Bakery :: Object:__call() and Tag:load() patched. Reason: Rendering Poly Tag
INFO - [G] 2026-01-02 19:59:00 :: INFO  :: Bakery :: Blind:defeat() and G.FUNCS.load_profile() patched. Reason: Unlock conditions
INFO - [G] 2026-01-02 19:59:00 :: INFO  :: Bakery :: ease_dollars() patched. Reason: Credit Deck, Vagabond Challenge
INFO - [G] 2026-01-02 19:59:00 :: INFO  :: Bakery :: Blind:press_play() patched. Reason: Credit Deck + Credit Sleeve
INFO - [G] 2026-01-02 19:59:00 :: INFO  :: Bakery :: Card:draw() patched. Reason: Werewolf rendering
INFO - [G] 2026-01-02 19:59:00 :: INFO  :: Bakery :: G.FUNCS.evaluate_round() patched. Reason: Spinner Animation
INFO - [G] 2026-01-02 19:59:00 :: INFO  :: Bakery :: mod_mult(), mod_chips(), and G.FUNCS.evaluate_play() patched. Reason: Balanced Challenge
INFO - [G] 2026-01-02 19:59:00 :: INFO  :: Bakery :: G.FUNCS.buy_from_shop() patched. Reason: Proxy
INFO - [G] 2026-01-02 19:59:00 :: INFO  :: Bakery :: eval_card() patched. Reason: Penny Tag
INFO - [G] 2026-01-02 19:59:00 :: INFO  :: Bakery :: SMODS.calculate_repetitions() patched. Reason: Up Tag
INFO - [G] 2026-01-02 19:59:00 :: INFO  :: Bakery :: Card:set_sprites() patched. Reason: Spinner Loading
INFO - [G] 2026-01-02 19:59:00 :: INFO  :: Bakery :: Game:start_run(), copy_card(), and Card:load() patched. Reason: Card Sleeve
INFO - [G] 2026-01-02 19:59:00 :: INFO  :: Bakery :: G.UIDEF.use_and_sell_buttons() and Card:remove() patched. Reason: Usable jokers
INFO - [G] 2026-01-02 19:59:00 :: INFO  :: Bakery :: Card:start_dissolve() patched. Reason: Glass Cannon shatters
INFO - [G] 2026-01-02 19:59:00 :: INFO  :: Bakery :: SMODS.never_scores() patched. Reason: The Solo Boss Blind
INFO - [G] 2026-01-02 19:59:00 :: INFO  :: Bakery :: Blind:set_blind() patched. Reason: Allow Charms to be debuffed
INFO - [G] 2026-01-02 19:59:00 :: INFO  :: Bakery :: Card:set_sprites() patched. Reason: Charm Unlocking
INFO - [G] 2026-01-02 19:59:00 :: INFO  :: Bakery :: set_screen_positions() and CardArea:can_highlight() patched. Reason: Charm rendering
INFO - [G] 2026-01-02 19:59:00 :: INFO  :: Bakery :: G.FUNCS.can_discard() patched. Reason: Discarding zero cards
INFO - [G] 2026-01-02 19:59:00 :: INFO  :: Bakery :: Game:update_draw_to_hand() patched. Reason: Discard zero Charms juice
INFO - [G] 2026-01-02 19:59:00 :: DEBUG :: DefaultLogger :: Better Illusion voucher patch Activated!
INFO - [G] 2026-01-02 19:59:00 :: DEBUG :: DefaultLogger :: [CCC] Joker main file loaded
INFO - [G] 2026-01-02 19:59:00 :: DEBUG :: DefaultLogger :: [CCC] Last Joker file loaded
INFO - [♥] Applied 1 patch to '=[SMODS CelesteCardCollection "lua_files/jokers/uncommon/pointlessmachines.lua"]'
INFO - [G] 2026-01-02 19:59:00 :: DEBUG :: DefaultLogger :: [CCC] Joker files load attempted, if you do not see a 'Last Joker file loaded' before this it failed!
INFO - [G] 2026-01-02 19:59:00 :: DEBUG :: DefaultLogger :: [CCC] Decks loaded
INFO - [G] 2026-01-02 19:59:00 :: DEBUG :: DefaultLogger :: [CCC] Vouchers loaded
INFO - [G] 2026-01-02 19:59:00 :: DEBUG :: DefaultLogger :: [CCC] Rarities loaded
INFO - [G] 2026-01-02 19:59:00 :: WARN  :: Atlas :: Detected duplicate register call on object ccc_modicon
INFO - [G] 2026-01-02 19:59:01 :: INFO  :: DefaultLogger :: C:\Users\xuech\AppData\Roaming\Balatro\Mods/Balatrostuck-1.0.3/data/jokers
INFO - [G] 2026-01-02 19:59:01 :: INFO  :: DefaultLogger :: j_abraxas.lua
INFO - [G] 2026-01-02 19:59:01 :: INFO  :: DefaultLogger :: j_aceDick.lua
INFO - [G] 2026-01-02 19:59:01 :: INFO  :: DefaultLogger :: j_ahabscrosshairs.lua
INFO - [G] 2026-01-02 19:59:01 :: INFO  :: DefaultLogger :: j_aimlessrenegade.lua
INFO - [G] 2026-01-02 19:59:01 :: INFO  :: DefaultLogger :: j_alltheirons.lua
INFO - [G] 2026-01-02 19:59:01 :: INFO  :: DefaultLogger :: j_amberfirefly.lua
INFO - [G] 2026-01-02 19:59:01 :: INFO  :: DefaultLogger :: j_applejuice.lua
INFO - [G] 2026-01-02 19:59:01 :: INFO  :: DefaultLogger :: j_ascend.lua
INFO - [G] 2026-01-02 19:59:01 :: INFO  :: DefaultLogger :: j_backseater.lua
INFO - [G] 2026-01-02 19:59:01 :: INFO  :: DefaultLogger :: j_balletslippers.lua
INFO - [G] 2026-01-02 19:59:01 :: INFO  :: DefaultLogger :: j_batterwitch.lua
INFO - [G] 2026-01-02 19:59:01 :: INFO  :: DefaultLogger :: j_betacopy.lua
INFO - [G] 2026-01-02 19:59:01 :: INFO  :: DefaultLogger :: j_beyondcanon.lua
INFO - [G] 2026-01-02 19:59:01 :: INFO  :: DefaultLogger :: j_bigkahuna.lua
INFO - [G] 2026-01-02 19:59:01 :: INFO  :: DefaultLogger :: j_biscuits.lua
INFO - [G] 2026-01-02 19:59:01 :: INFO  :: DefaultLogger :: j_caledfwlch.lua
INFO - [G] 2026-01-02 19:59:01 :: INFO  :: DefaultLogger :: j_captchacard.lua
INFO - [G] 2026-01-02 19:59:01 :: INFO  :: DefaultLogger :: j_cascade.lua
INFO - [G] 2026-01-02 19:59:01 :: INFO  :: DefaultLogger :: j_cloudwatching.lua
INFO - [G] 2026-01-02 19:59:01 :: INFO  :: DefaultLogger :: j_clover.lua
INFO - [G] 2026-01-02 19:59:01 :: INFO  :: DefaultLogger :: j_clownincar.lua
INFO - [G] 2026-01-02 19:59:01 :: INFO  :: DefaultLogger :: j_collide.lua
INFO - [G] 2026-01-02 19:59:01 :: INFO  :: DefaultLogger :: j_commandervantas.lua
INFO - [G] 2026-01-02 19:59:01 :: INFO  :: DefaultLogger :: j_complacencyofthelearned.lua
INFO - [G] 2026-01-02 19:59:01 :: INFO  :: DefaultLogger :: j_conditionalimmortality.lua
INFO - [G] 2026-01-02 19:59:01 :: INFO  :: DefaultLogger :: j_consortconcierge.lua
INFO - [G] 2026-01-02 19:59:01 :: INFO  :: DefaultLogger :: j_conventioncenter.lua
INFO - [G] 2026-01-02 19:59:01 :: INFO  :: DefaultLogger :: j_courtyarddroll.lua
INFO - [G] 2026-01-02 19:59:01 :: INFO  :: DefaultLogger :: j_crowbarsfelt.lua
INFO - [G] 2026-01-02 19:59:01 :: INFO  :: DefaultLogger :: j_cruxiteapple.lua
INFO - [G] 2026-01-02 19:59:01 :: INFO  :: DefaultLogger :: j_cruxitedowel.lua
INFO - [G] 2026-01-02 19:59:01 :: INFO  :: DefaultLogger :: j_cueball.lua
INFO - [G] 2026-01-02 19:59:01 :: INFO  :: DefaultLogger :: j_culling.lua
INFO - [G] 2026-01-02 19:59:01 :: INFO  :: DefaultLogger :: j_dadswallet.lua
INFO - [G] 2026-01-02 19:59:01 :: INFO  :: DefaultLogger :: j_dark_carnival.lua
INFO - [G] 2026-01-02 19:59:01 :: INFO  :: DefaultLogger :: j_darkscholar.lua
INFO - [G] 2026-01-02 19:59:01 :: INFO  :: DefaultLogger :: j_dead_shuffle.lua
INFO - [G] 2026-01-02 19:59:01 :: INFO  :: DefaultLogger :: j_descend.lua
INFO - [G] 2026-01-02 19:59:01 :: INFO  :: DefaultLogger :: j_descendascend.lua
INFO - [G] 2026-01-02 19:59:01 :: INFO  :: DefaultLogger :: j_dolorosa.lua
INFO - [G] 2026-01-02 19:59:01 :: INFO  :: DefaultLogger :: j_donotship.lua
INFO - [G] 2026-01-02 19:59:01 :: INFO  :: DefaultLogger :: j_draconiandignitary.lua
INFO - [G] 2026-01-02 19:59:01 :: INFO  :: DefaultLogger :: j_echeladder.lua
INFO - [G] 2026-01-02 19:59:01 :: INFO  :: DefaultLogger :: j_echidna.lua
INFO - [G] 2026-01-02 19:59:01 :: INFO  :: DefaultLogger :: j_ectobiology.lua
INFO - [G] 2026-01-02 19:59:01 :: INFO  :: DefaultLogger :: j_enterthemedium.lua
INFO - [G] 2026-01-02 19:59:01 :: INFO  :: DefaultLogger :: j_faygo.lua
INFO - [G] 2026-01-02 19:59:01 :: INFO  :: DefaultLogger :: j_fluoriteoctet.lua
INFO - [G] 2026-01-02 19:59:01 :: INFO  :: DefaultLogger :: j_frogbreeding.lua
INFO - [G] 2026-01-02 19:59:01 :: INFO  :: DefaultLogger :: j_frustration.lua
INFO - [G] 2026-01-02 19:59:01 :: INFO  :: DefaultLogger :: j_gamebro.lua
INFO - [G] 2026-01-02 19:59:01 :: INFO  :: DefaultLogger :: j_genejoker.lua
INFO - [G] 2026-01-02 19:59:01 :: INFO  :: DefaultLogger :: j_gristtorrent.lua
INFO - [G] 2026-01-02 19:59:01 :: INFO  :: DefaultLogger :: j_hegemonicbrute.lua
INFO - [G] 2026-01-02 19:59:01 :: INFO  :: DefaultLogger :: j_hephaestus.lua
INFO - [G] 2026-01-02 19:59:01 :: INFO  :: DefaultLogger :: j_horrorterrors.lua
INFO - [G] 2026-01-02 19:59:01 :: INFO  :: DefaultLogger :: j_hotdogjuggler.lua
INFO - [G] 2026-01-02 19:59:01 :: INFO  :: DefaultLogger :: j_impetuscombcharging.lua
INFO - [G] 2026-01-02 19:59:01 :: INFO  :: DefaultLogger :: j_innapropriatebucket.lua
INFO - [G] 2026-01-02 19:59:01 :: INFO  :: DefaultLogger :: j_jetpack.lua
INFO - [G] 2026-01-02 19:59:01 :: INFO  :: DefaultLogger :: j_jocker.lua
INFO - [G] 2026-01-02 19:59:01 :: INFO  :: DefaultLogger :: j_joker.lua
INFO - [G] 2026-01-02 19:59:01 :: INFO  :: DefaultLogger :: j_jokermode.lua
INFO - [G] 2026-01-02 19:59:01 :: INFO  :: DefaultLogger :: j_kernelsprite.lua
INFO - [G] 2026-01-02 19:59:01 :: INFO  :: DefaultLogger :: j_lofaf.lua
INFO - [G] 2026-01-02 19:59:01 :: INFO  :: DefaultLogger :: j_lohac.lua
INFO - [G] 2026-01-02 19:59:01 :: INFO  :: DefaultLogger :: j_lolar.lua
INFO - [G] 2026-01-02 19:59:01 :: INFO  :: DefaultLogger :: j_lonegunbird.lua
INFO - [G] 2026-01-02 19:59:01 :: INFO  :: DefaultLogger :: j_lordoftime.lua
INFO - [G] 2026-01-02 19:59:01 :: INFO  :: DefaultLogger :: j_lowas.lua
INFO - [G] 2026-01-02 19:59:01 :: INFO  :: DefaultLogger :: j_lucky_break.lua
INFO - [G] 2026-01-02 19:59:01 :: INFO  :: DefaultLogger :: j_magnificent.lua
INFO - [G] 2026-01-02 19:59:01 :: INFO  :: DefaultLogger :: j_mirthful.lua
INFO - [G] 2026-01-02 19:59:01 :: INFO  :: DefaultLogger :: j_misspaint.lua
INFO - [G] 2026-01-02 19:59:01 :: INFO  :: DefaultLogger :: j_mobiusdoublereacharound.lua
INFO - [G] 2026-01-02 19:59:01 :: INFO  :: DefaultLogger :: j_museofspace.lua
INFO - [G] 2026-01-02 19:59:01 :: INFO  :: DefaultLogger :: j_nepetajoker.lua
INFO - [G] 2026-01-02 19:59:01 :: INFO  :: DefaultLogger :: j_note_desolation.lua
INFO - [G] 2026-01-02 19:59:01 :: INFO  :: DefaultLogger :: j_objectduality.lua
INFO - [G] 2026-01-02 19:59:01 :: INFO  :: DefaultLogger :: j_oldsecret.lua
INFO - [G] 2026-01-02 19:59:01 :: INFO  :: DefaultLogger :: j_operation_regisurp.lua
INFO - [G] 2026-01-02 19:59:01 :: INFO  :: DefaultLogger :: j_paintseal.lua
INFO - [G] 2026-01-02 19:59:01 :: INFO  :: DefaultLogger :: j_pairing_grid.lua
INFO - [G] 2026-01-02 19:59:01 :: INFO  :: DefaultLogger :: j_parcelmistress.lua
INFO - [G] 2026-01-02 19:59:01 :: INFO  :: DefaultLogger :: j_pawnrevolution.lua
INFO - [G] 2026-01-02 19:59:01 :: INFO  :: DefaultLogger :: j_pickleinspector.lua
INFO - [G] 2026-01-02 19:59:01 :: INFO  :: DefaultLogger :: j_porkhollow.lua
INFO - [G] 2026-01-02 19:59:01 :: INFO  :: DefaultLogger :: j_problemsleuth.lua
INFO - [G] 2026-01-02 19:59:01 :: INFO  :: DefaultLogger :: j_purrfectwarrior.lua
INFO - [G] 2026-01-02 19:59:01 :: INFO  :: DefaultLogger :: j_questbed.lua
INFO - [G] 2026-01-02 19:59:01 :: INFO  :: DefaultLogger :: j_ringoflife.lua
INFO - [G] 2026-01-02 19:59:01 :: INFO  :: DefaultLogger :: j_ringofvoid.lua
INFO - [G] 2026-01-02 19:59:01 :: INFO  :: DefaultLogger :: j_roundtwo.lua
INFO - [G] 2026-01-02 19:59:01 :: INFO  :: DefaultLogger :: j_sepulcritude.lua
INFO - [G] 2026-01-02 19:59:01 :: INFO  :: DefaultLogger :: j_signofthesignless.lua
INFO - [G] 2026-01-02 19:59:01 :: INFO  :: DefaultLogger :: j_skaia.lua
INFO - [G] 2026-01-02 19:59:01 :: INFO  :: DefaultLogger :: j_smallerbutterflies.lua
INFO - [G] 2026-01-02 19:59:01 :: INFO  :: DefaultLogger :: j_snowman.lua
INFO - [G] 2026-01-02 19:59:01 :: INFO  :: DefaultLogger :: j_soporpie.lua
INFO - [G] 2026-01-02 19:59:01 :: INFO  :: DefaultLogger :: j_sovereignslayer.lua
INFO - [G] 2026-01-02 19:59:01 :: INFO  :: DefaultLogger :: j_stress.lua
INFO - [G] 2026-01-02 19:59:01 :: INFO  :: DefaultLogger :: j_strifespecibus.lua
INFO - [G] 2026-01-02 19:59:01 :: INFO  :: DefaultLogger :: j_stump.lua
INFO - [G] 2026-01-02 19:59:01 :: INFO  :: DefaultLogger :: j_sucker.lua
INFO - [G] 2026-01-02 19:59:01 :: INFO  :: DefaultLogger :: j_synchronization.lua
INFO - [G] 2026-01-02 19:59:01 :: INFO  :: DefaultLogger :: j_tanglebuddies.lua
INFO - [G] 2026-01-02 19:59:01 :: INFO  :: DefaultLogger :: j_theplotpoint.lua
INFO - [G] 2026-01-02 19:59:01 :: INFO  :: DefaultLogger :: j_therapture.lua
INFO - [G] 2026-01-02 19:59:01 :: INFO  :: DefaultLogger :: j_trolltrain.lua
INFO - [G] 2026-01-02 19:59:01 :: INFO  :: DefaultLogger :: j_tumor.lua
INFO - [G] 2026-01-02 19:59:01 :: INFO  :: DefaultLogger :: j_twinarmageddons.lua
INFO - [G] 2026-01-02 19:59:01 :: INFO  :: DefaultLogger :: j_typheus.lua
INFO - [G] 2026-01-02 19:59:01 :: INFO  :: DefaultLogger :: j_vasterror.lua
INFO - [G] 2026-01-02 19:59:01 :: INFO  :: DefaultLogger :: j_verticlemovements.lua
INFO - [G] 2026-01-02 19:59:01 :: INFO  :: DefaultLogger :: j_vodkamutini.lua
INFO - [G] 2026-01-02 19:59:01 :: INFO  :: DefaultLogger :: j_wake.lua
INFO - [G] 2026-01-02 19:59:01 :: INFO  :: DefaultLogger :: j_waywardvagabond.lua
INFO - [G] 2026-01-02 19:59:01 :: INFO  :: DefaultLogger :: j_whatpumpkin.lua
INFO - [G] 2026-01-02 19:59:01 :: INFO  :: DefaultLogger :: j_whitequeen.lua
INFO - [G] 2026-01-02 19:59:01 :: INFO  :: DefaultLogger :: j_whoisthis.lua
INFO - [G] 2026-01-02 19:59:01 :: INFO  :: DefaultLogger :: j_yaldabaoth.lua
INFO - [G] 2026-01-02 19:59:01 :: INFO  :: DefaultLogger :: j_yourlordandmaster.lua
INFO - [G] 2026-01-02 19:59:01 :: INFO  :: DefaultLogger :: FINISHED BATCH LOAD FOR jokers
INFO - [G] 2026-01-02 19:59:01 :: INFO  :: DefaultLogger :: C:\Users\xuech\AppData\Roaming\Balatro\Mods/Balatrostuck-1.0.3/data/aspects
INFO - [G] 2026-01-02 19:59:01 :: INFO  :: DefaultLogger :: c_aspect_blood.lua
INFO - [G] 2026-01-02 19:59:01 :: INFO  :: DefaultLogger :: c_aspect_breath.lua
INFO - [G] 2026-01-02 19:59:01 :: INFO  :: DefaultLogger :: c_aspect_doom.lua
INFO - [G] 2026-01-02 19:59:01 :: INFO  :: DefaultLogger :: c_aspect_heart.lua
INFO - [G] 2026-01-02 19:59:01 :: INFO  :: DefaultLogger :: c_aspect_hope.lua
INFO - [G] 2026-01-02 19:59:01 :: INFO  :: DefaultLogger :: c_aspect_life.lua
INFO - [G] 2026-01-02 19:59:01 :: INFO  :: DefaultLogger :: c_aspect_light.lua
INFO - [G] 2026-01-02 19:59:01 :: INFO  :: DefaultLogger :: c_aspect_mind.lua
INFO - [G] 2026-01-02 19:59:01 :: INFO  :: DefaultLogger :: c_aspect_piss.lua
INFO - [G] 2026-01-02 19:59:01 :: INFO  :: DefaultLogger :: c_aspect_rage.lua
INFO - [G] 2026-01-02 19:59:01 :: INFO  :: DefaultLogger :: c_aspect_space.lua
INFO - [G] 2026-01-02 19:59:01 :: INFO  :: DefaultLogger :: c_aspect_time.lua
INFO - [G] 2026-01-02 19:59:01 :: INFO  :: DefaultLogger :: c_aspect_void.lua
INFO - [G] 2026-01-02 19:59:01 :: INFO  :: DefaultLogger :: FINISHED BATCH LOAD FOR aspects
INFO - [G] 2026-01-02 19:59:01 :: INFO  :: DefaultLogger :: C:\Users\xuech\AppData\Roaming\Balatro\Mods/Balatrostuck-1.0.3/data/zodiacs
INFO - [G] 2026-01-02 19:59:01 :: INFO  :: DefaultLogger :: c_zodiac_aquarius.lua
INFO - [G] 2026-01-02 19:59:01 :: INFO  :: DefaultLogger :: c_zodiac_aries.lua
INFO - [G] 2026-01-02 19:59:01 :: INFO  :: DefaultLogger :: c_zodiac_cancer.lua
INFO - [G] 2026-01-02 19:59:01 :: INFO  :: DefaultLogger :: c_zodiac_capricorn.lua
INFO - [G] 2026-01-02 19:59:01 :: INFO  :: DefaultLogger :: c_zodiac_gemini.lua
INFO - [G] 2026-01-02 19:59:01 :: INFO  :: DefaultLogger :: c_zodiac_leo.lua
INFO - [G] 2026-01-02 19:59:01 :: INFO  :: DefaultLogger :: c_zodiac_libra.lua
INFO - [G] 2026-01-02 19:59:01 :: INFO  :: DefaultLogger :: c_zodiac_ophiucus.lua
INFO - [G] 2026-01-02 19:59:01 :: INFO  :: DefaultLogger :: c_zodiac_pisces.lua
INFO - [G] 2026-01-02 19:59:01 :: INFO  :: DefaultLogger :: c_zodiac_saggitarius.lua
INFO - [G] 2026-01-02 19:59:01 :: INFO  :: DefaultLogger :: c_zodiac_scorpio.lua
INFO - [G] 2026-01-02 19:59:01 :: INFO  :: DefaultLogger :: c_zodiac_taurus.lua
INFO - [G] 2026-01-02 19:59:01 :: INFO  :: DefaultLogger :: c_zodiac_virgo.lua
INFO - [G] 2026-01-02 19:59:01 :: INFO  :: DefaultLogger :: FINISHED BATCH LOAD FOR zodiacs
INFO - [G] 2026-01-02 19:59:01 :: INFO  :: DefaultLogger :: C:\Users\xuech\AppData\Roaming\Balatro\Mods/Balatrostuck-1.0.3/data/boosters
INFO - [G] 2026-01-02 19:59:01 :: INFO  :: DefaultLogger :: aspect.lua
INFO - [G] 2026-01-02 19:59:01 :: INFO  :: DefaultLogger :: aspect_alt.lua
INFO - [G] 2026-01-02 19:59:01 :: INFO  :: DefaultLogger :: aspect_jumbo.lua
INFO - [G] 2026-01-02 19:59:01 :: INFO  :: DefaultLogger :: sburb.lua
INFO - [G] 2026-01-02 19:59:01 :: INFO  :: DefaultLogger :: zodiac.lua
INFO - [G] 2026-01-02 19:59:01 :: INFO  :: DefaultLogger :: zodiac_alt.lua
INFO - [G] 2026-01-02 19:59:01 :: INFO  :: DefaultLogger :: zodiac_jumbo.lua
INFO - [G] 2026-01-02 19:59:01 :: INFO  :: DefaultLogger :: zodiac_mega.lua
INFO - [G] 2026-01-02 19:59:01 :: INFO  :: DefaultLogger :: FINISHED BATCH LOAD FOR boosters
INFO - [G] 2026-01-02 19:59:01 :: INFO  :: DefaultLogger :: C:\Users\xuech\AppData\Roaming\Balatro\Mods/Balatrostuck-1.0.3/data/editions
INFO - [G] 2026-01-02 19:59:01 :: INFO  :: DefaultLogger :: e_paradox.lua
INFO - [G] 2026-01-02 19:59:01 :: INFO  :: DefaultLogger :: FINISHED BATCH LOAD FOR editions
INFO - [G] 2026-01-02 19:59:01 :: INFO  :: DefaultLogger :: C:\Users\xuech\AppData\Roaming\Balatro\Mods/Balatrostuck-1.0.3/data/tags
INFO - [G] 2026-01-02 19:59:01 :: INFO  :: DefaultLogger :: t_matriorb.lua
INFO - [G] 2026-01-02 19:59:01 :: INFO  :: DefaultLogger :: t_parcelpyxis.lua
INFO - [G] 2026-01-02 19:59:01 :: INFO  :: DefaultLogger :: t_perfectlygeneric.lua
INFO - [G] 2026-01-02 19:59:01 :: INFO  :: DefaultLogger :: t_sburb.lua
INFO - [G] 2026-01-02 19:59:01 :: INFO  :: DefaultLogger :: t_scratch.lua
INFO - [G] 2026-01-02 19:59:01 :: INFO  :: DefaultLogger :: t_spirograph.lua
INFO - [G] 2026-01-02 19:59:01 :: INFO  :: DefaultLogger :: FINISHED BATCH LOAD FOR tags
INFO - [G] 2026-01-02 19:59:01 :: INFO  :: DefaultLogger :: C:\Users\xuech\AppData\Roaming\Balatro\Mods/Balatrostuck-1.0.3/data/spectrals
INFO - [G] 2026-01-02 19:59:01 :: INFO  :: DefaultLogger :: c_spectral_13ofstars.lua
INFO - [G] 2026-01-02 19:59:01 :: INFO  :: DefaultLogger :: c_spectral_jailkey.lua
INFO - [G] 2026-01-02 19:59:01 :: INFO  :: DefaultLogger :: c_spectral_juju.lua
INFO - [G] 2026-01-02 19:59:01 :: INFO  :: DefaultLogger :: c_spectral_lotuscapsule.lua
INFO - [G] 2026-01-02 19:59:01 :: INFO  :: DefaultLogger :: c_spectral_scratchconstruct.lua
INFO - [G] 2026-01-02 19:59:01 :: INFO  :: DefaultLogger :: FINISHED BATCH LOAD FOR spectrals
INFO - [G] 2026-01-02 19:59:01 :: INFO  :: DefaultLogger :: C:\Users\xuech\AppData\Roaming\Balatro\Mods/Balatrostuck-1.0.3/data/seals
INFO - [G] 2026-01-02 19:59:01 :: INFO  :: DefaultLogger :: seal_felt.lua
INFO - [G] 2026-01-02 19:59:01 :: INFO  :: DefaultLogger :: FINISHED BATCH LOAD FOR seals
INFO - [G] 2026-01-02 19:59:01 :: INFO  :: DefaultLogger :: C:\Users\xuech\AppData\Roaming\Balatro\Mods/Balatrostuck-1.0.3/data/blinds
INFO - [G] 2026-01-02 19:59:01 :: INFO  :: DefaultLogger :: bl_bettycrocker.lua
INFO - [G] 2026-01-02 19:59:01 :: INFO  :: DefaultLogger :: bl_demoness.lua
INFO - [G] 2026-01-02 19:59:01 :: INFO  :: DefaultLogger :: bl_disciple.lua
INFO - [G] 2026-01-02 19:59:01 :: INFO  :: DefaultLogger :: bl_dolorosa.lua
INFO - [G] 2026-01-02 19:59:01 :: INFO  :: DefaultLogger :: bl_executioner.lua
INFO - [G] 2026-01-02 19:59:01 :: INFO  :: DefaultLogger :: bl_helmsman.lua
INFO - [G] 2026-01-02 19:59:01 :: INFO  :: DefaultLogger :: bl_legislacerator.lua
INFO - [G] 2026-01-02 19:59:01 :: INFO  :: DefaultLogger :: bl_manipulator.lua
INFO - [G] 2026-01-02 19:59:01 :: INFO  :: DefaultLogger :: bl_orphaner.lua
INFO - [G] 2026-01-02 19:59:01 :: INFO  :: DefaultLogger :: bl_subjuggulator.lua
INFO - [G] 2026-01-02 19:59:01 :: INFO  :: DefaultLogger :: bl_sufferer.lua
INFO - [G] 2026-01-02 19:59:01 :: INFO  :: DefaultLogger :: bl_summoner.lua
INFO - [G] 2026-01-02 19:59:01 :: INFO  :: DefaultLogger :: FINISHED BATCH LOAD FOR blinds
INFO - [G] 2026-01-02 19:59:01 :: INFO  :: DefaultLogger :: C:\Users\xuech\AppData\Roaming\Balatro\Mods/Balatrostuck-1.0.3/data/vouchers
INFO - [G] 2026-01-02 19:59:01 :: INFO  :: DefaultLogger :: v_aspect_mastery.lua
INFO - [G] 2026-01-02 19:59:01 :: INFO  :: DefaultLogger :: v_giftofgab.lua
INFO - [G] 2026-01-02 19:59:01 :: INFO  :: DefaultLogger :: v_godtier.lua
INFO - [G] 2026-01-02 19:59:01 :: INFO  :: DefaultLogger :: v_riseup.lua
INFO - [G] 2026-01-02 19:59:01 :: INFO  :: DefaultLogger :: FINISHED BATCH LOAD FOR vouchers
INFO - [G] 2026-01-02 19:59:01 :: INFO  :: DefaultLogger :: C:\Users\xuech\AppData\Roaming\Balatro\Mods/Balatrostuck-1.0.3/data/decks
INFO - [G] 2026-01-02 19:59:01 :: INFO  :: DefaultLogger :: b_alternian.lua
INFO - [G] 2026-01-02 19:59:01 :: INFO  :: DefaultLogger :: b_dersite.lua
INFO - [G] 2026-01-02 19:59:01 :: INFO  :: DefaultLogger :: b_frog.lua
INFO - [G] 2026-01-02 19:59:01 :: INFO  :: DefaultLogger :: b_prospitan.lua
INFO - [G] 2026-01-02 19:59:01 :: INFO  :: DefaultLogger :: FINISHED BATCH LOAD FOR decks
INFO - [G] 2026-01-02 19:59:01 :: INFO  :: DefaultLogger :: C:\Users\xuech\AppData\Roaming\Balatro\Mods/Balatrostuck-1.0.3/data/challenges
INFO - [G] 2026-01-02 19:59:01 :: INFO  :: DefaultLogger :: challange_01_littlemonsters.lua
INFO - [G] 2026-01-02 19:59:01 :: INFO  :: DefaultLogger :: challange_02_contrivance.lua
INFO - [G] 2026-01-02 19:59:01 :: INFO  :: DefaultLogger :: challange_03_bootstrapparadox.lua
INFO - [G] 2026-01-02 19:59:01 :: INFO  :: DefaultLogger :: challange_04_alchemy.lua
INFO - [G] 2026-01-02 19:59:01 :: INFO  :: DefaultLogger :: challange_05_likeaseer.lua
INFO - [G] 2026-01-02 19:59:01 :: INFO  :: DefaultLogger :: challange_06_shippingwars.lua
INFO - [G] 2026-01-02 19:59:01 :: INFO  :: DefaultLogger :: challange_07_lylacrapsody.lua
INFO - [G] 2026-01-02 19:59:01 :: INFO  :: DefaultLogger :: challange_08_blackholesun.lua
INFO - [G] 2026-01-02 19:59:01 :: INFO  :: DefaultLogger :: challange_09_flarp.lua
INFO - [G] 2026-01-02 19:59:01 :: INFO  :: DefaultLogger :: challange_10_plurality.lua
INFO - [G] 2026-01-02 19:59:01 :: INFO  :: DefaultLogger :: challange_11_chamlang.lua
INFO - [G] 2026-01-02 19:59:01 :: INFO  :: DefaultLogger :: FINISHED BATCH LOAD FOR challenges
INFO - [G] 2026-01-02 19:59:01 :: WARN  :: Atlas :: Detected duplicate register call on object bstuck_HomestuckJokers
INFO - [G] 2026-01-02 19:59:01 :: WARN  :: Atlas :: Detected duplicate register call on object bstuck_HomestuckZodiacs
INFO - [G] 2026-01-02 19:59:01 :: WARN  :: Atlas :: Detected duplicate register call on object bstuck_HomestuckAspects
INFO - [G] 2026-01-02 19:59:01 :: WARN  :: Atlas :: Detected duplicate register call on object bstuck_modicon
INFO - [G] 2026-01-02 19:59:01 :: WARN  :: Atlas :: Detected duplicate register call on object bstuck_HomestuckAspectBooster
INFO - [G] 2026-01-02 19:59:01 :: WARN  :: Atlas :: Detected duplicate register call on object bstuck_HomestuckTags
INFO - [G] 2026-01-02 19:59:01 :: WARN  :: Atlas :: Detected duplicate register call on object bstuck_HomestuckSpectrals
INFO - [G] 2026-01-02 19:59:01 :: WARN  :: Atlas :: Detected duplicate register call on object bstuck_HomestuckSeals
INFO - [G] 2026-01-02 19:59:01 :: WARN  :: Atlas :: Detected duplicate register call on object bstuck_HomestuckParadox
INFO - [G] 2026-01-02 19:59:01 :: WARN  :: Atlas :: Detected duplicate register call on object bstuck_HomestuckJokersAnimated
INFO - [G] 2026-01-02 19:59:01 :: WARN  :: Atlas :: Detected duplicate register call on object bstuck_TheCalibornJoker
INFO - [G] 2026-01-02 19:59:01 :: WARN  :: Atlas :: Detected duplicate register call on object bstuck_HomestuckBlinds
INFO - [G] 2026-01-02 19:59:01 :: WARN  :: Atlas :: Detected duplicate register call on object bstuck_HomestuckVouchers
INFO - [G] 2026-01-02 19:59:01 :: WARN  :: Atlas :: Detected duplicate register call on object bstuck_HomestuckDecks
INFO - [G] 2026-01-02 19:59:01 :: WARN  :: Atlas :: Detected duplicate register call on object bstuck_HomestuckSlabs
INFO - [G] 2026-01-02 19:59:01 :: WARN  :: Atlas :: Detected duplicate register call on object bstuck_logo
INFO - [G] 2026-01-02 19:59:01 :: WARN  :: Atlas :: Detected duplicate register call on object bstuck_howhigh
INFO - [G] 2026-01-02 19:59:01 :: WARN  :: Atlas :: Detected duplicate register call on object bstuck_scrollbar
INFO - [G] 2026-01-02 19:59:01 :: WARN  :: DefaultLogger :: Object akyrs_money_c has the same key as an existing object, not registering.
INFO - [G] 2026-01-02 19:59:01 :: WARN  :: DefaultLogger :: If you want to modify an existing object, use take_ownership()
INFO - [G] 2026-01-02 19:59:01 :: WARN  :: DescriptionDummy :: Object dd_akyrs_crt_shader_toggle has the same key as an existing object, not registering.
INFO - [G] 2026-01-02 19:59:01 :: WARN  :: DescriptionDummy :: If you want to modify an existing object, use take_ownership()
INFO - [G] 2026-01-02 19:59:01 :: WARN  :: Draw Step :: Detected duplicate register call on object front
INFO - [G] 2026-01-02 19:59:01 :: WARN  :: Draw Step :: Detected duplicate register call on object floating_sprite
INFO - [G] 2026-01-02 19:59:01 :: WARN  :: Blind :: Object bl_akyrs_the_reverse has the same key as an existing object, not registering.
INFO - [G] 2026-01-02 19:59:01 :: WARN  :: Blind :: If you want to modify an existing object, use take_ownership()
INFO - [G] 2026-01-02 19:59:01 :: WARN  :: Joker :: Object j_akyrs_so_close has the same key as an existing object, not registering.
INFO - [G] 2026-01-02 19:59:01 :: WARN  :: Joker :: If you want to modify an existing object, use take_ownership()
INFO - [G] 2026-01-02 19:59:01 :: WARN  :: Achievement :: Object ach_akyrs_repeater_into_another_one has the same key as an existing object, not registering.
INFO - [G] 2026-01-02 19:59:01 :: WARN  :: Achievement :: If you want to modify an existing object, use take_ownership()
INFO - [G] 2026-01-02 19:59:01 :: DEBUG :: rhLoadSounds :: Got file "Base.lua", extension ".lua"
INFO - [G] 2026-01-02 19:59:01 :: DEBUG :: rhLoadSounds :: Loading Base.lua
INFO - [G] 2026-01-02 19:59:01 :: DEBUG :: rhLoadSounds :: Got file "English.lua", extension ".lua"
INFO - [G] 2026-01-02 19:59:01 :: DEBUG :: rhLoadSounds :: Loading English.lua
INFO - [G] 2026-01-02 19:59:01 :: DEBUG :: rhLoadSounds :: Got file "French.lua", extension ".lua"
INFO - [G] 2026-01-02 19:59:01 :: DEBUG :: rhLoadSounds :: Loading French.lua
INFO - [G] 2026-01-02 19:59:01 :: DEBUG :: rhLoadSounds :: Got file "Japanese.lua", extension ".lua"
INFO - [G] 2026-01-02 19:59:01 :: DEBUG :: rhLoadSounds :: Loading Japanese.lua
INFO - [G] 2026-01-02 19:59:01 :: DEBUG :: rhLoadSounds :: Got file "Spanish.lua", extension ".lua"
INFO - [G] 2026-01-02 19:59:01 :: DEBUG :: rhLoadSounds :: Loading Spanish.lua
INFO - [G] 2026-01-02 19:59:01 :: INFO  :: TIMER :: [0002] Injected Fonts in 4.566 ms
INFO - [G] 2026-01-02 19:59:01 :: INFO  :: TIMER :: [0005] Injected DynaTextEffects in 0.010 ms
INFO - [G] 2026-01-02 19:59:01 :: INFO  :: TIMER :: [0000] Injected Language in 0.001 ms
INFO - [G] 2026-01-02 19:59:01 :: INFO  :: TIMER :: [0000] Injected [INTERNAL] in 0.846 ms
INFO - [G] 2026-01-02 19:59:01 :: INFO  :: TIMER :: [0222] Injected Atlas in 465.917 ms
INFO - [G] 2026-01-02 19:59:01 :: INFO  :: TIMER :: [0100] Injected Sound in 19.216 ms
INFO - [G] 2026-01-02 19:59:01 :: INFO  :: TIMER :: [0013] Injected nil in 0.041 ms
INFO - [G] 2026-01-02 19:59:01 :: INFO  :: TIMER :: [0028] Injected Stake in 0.783 ms
INFO - [G] 2026-01-02 19:59:01 :: INFO  :: TIMER :: [0009] Injected Rarity in 0.056 ms
INFO - [G] 2026-01-02 19:59:01 :: INFO  :: TIMER :: [0015] Injected ObjectType in 0.088 ms
INFO - [G] 2026-01-02 19:59:01 :: INFO  :: TIMER :: [1153] Injected Center in 5.360 ms
INFO - [G] 2026-01-02 19:59:01 :: INFO  :: TIMER :: [0017] Injected Undiscovered Sprite in 0.052 ms
INFO - [G] 2026-01-02 19:59:01 :: INFO  :: TIMER :: [0126] Injected Blind in 0.168 ms
INFO - [G] 2026-01-02 19:59:01 :: INFO  :: TIMER :: [0016] Injected Seal in 0.285 ms
INFO - [G] 2026-01-02 19:59:01 :: INFO  :: TIMER :: [0006] Injected Suit in 0.069 ms
INFO - [G] 2026-01-02 19:59:01 :: INFO  :: TIMER :: [0013] Injected Rank in 0.079 ms
INFO - [G] 2026-01-02 19:59:01 :: INFO  :: TIMER :: [0035] Injected DeckSkin in 0.169 ms
INFO - [G] 2026-01-02 19:59:01 :: INFO  :: TIMER :: [0017] Injected JimboQuip in 0.021 ms
INFO - [G] 2026-01-02 19:59:01 :: INFO  :: TIMER :: [0064] Injected PokerHand in 0.195 ms
INFO - [G] 2026-01-02 19:59:01 :: INFO  :: TIMER :: [0046] Injected Challenge in 0.079 ms
INFO - [G] 2026-01-02 19:59:01 :: INFO  :: TIMER :: [0055] Injected Tag in 0.226 ms
INFO - [G] 2026-01-02 19:59:01 :: INFO  :: TIMER :: [0020] Injected Sticker in 0.253 ms
INFO - [G] 2026-01-02 19:59:01 :: INFO  :: TIMER :: [0017] Injected Shader in 106.339 ms
INFO - [G] 2026-01-02 19:59:01 :: INFO  :: TIMER :: [0002] Injected Keybind in 0.010 ms
INFO - [G] 2026-01-02 19:59:01 :: INFO  :: TIMER :: [0013] Injected Achievement in 0.061 ms
INFO - [G] 2026-01-02 19:59:01 :: INFO  :: TIMER :: [0002] Injected Scoring_Parameters in 0.112 ms
INFO - [G] 2026-01-02 19:59:01 :: INFO  :: TIMER :: [0009] Injected Scoring_Calculations in 0.014 ms
INFO - [G] 2026-01-02 19:59:01 :: INFO  :: TIMER :: [0030] Injected Draw Step in 0.049 ms
INFO - [G] 2026-01-02 19:59:01 :: INFO  :: TIMER :: [0000] Injected [INTERNAL] in 14.233 ms
INFO - [G] 2026-01-02 19:59:01 :: INFO  :: TIMER :: [0005] Injected BlindEdition in 0.038 ms
INFO - [G] 2026-01-02 19:59:01 :: INFO  :: TIMER :: [0013] Injected Slabs in 0.036 ms
INFO - [G] 2026-01-02 19:59:01 :: INFO  :: TIMER :: [0013] Injected Castes in 0.027 ms
INFO - [G] cached number to bignum:	20
