INFO - [♥] Lovely 0.8.0
INFO - [♥] Game directory is at "D:\\Steam\\steamapps\\common\\Balatro"
INFO - [♥] Writing logs to "C:\\Users\\xuech\\AppData\\Roaming\\Balatro\\Mods\\lovely\\log"
INFO - [♥] Using mod directory at "C:\\Users\\xuech\\AppData\\Roaming\\Balatro\\Mods"
INFO - [♥] Found .lovelyignore in 'Balatro-Aikoyoris-Shenanigans-main', skipping it.
INFO - [♥] Found .lovelyignore in 'BalatroBakery-main', skipping it.
INFO - [♥] Found .lovelyignore in 'Balatrostuck-1.0.3', skipping it.
INFO - [♥] Found .lovelyignore in 'Bunco-5.4.7a-JumboFork', skipping it.
INFO - [♥] Found .lovelyignore in 'Ceres', skipping it.
INFO - [♥] Found .lovelyignore in 'Cryptid-0.5.13', skipping it.
INFO - [♥] Found .lovelyignore in 'Entropy-main', skipping it.
INFO - [♥] Found .lovelyignore in 'GARBSHIT-main', skipping it.
INFO - [♥] Found .lovelyignore in 'Ortalab-1.0.1a', skipping it.
INFO - [♥] Found .lovelyignore in 'Pokermon-main', skipping it.
INFO - [♥] Found .lovelyignore in 'reverie-1.5.4b', skipping it.
INFO - [♥] Found .lovelyignore in 'Revos-Vault---Balatro-Mod-main', skipping it.
INFO - [♥] Found .lovelyignore in 'UnStable-main', skipping it.
INFO - [♥] Found .lovelyignore in 'UnStableEX', skipping it.
WARN - [♥] Unknown key `patches.0.?.match_indent` found in patch file at "C:\\Users\\xuech\\AppData\\Roaming\\Balatro\\Mods\\3xCredits-main\\lovely\\card_credits.toml", ignoring it
WARN - [♥] Unknown key `patches.3.?.count` found in patch file at "C:\\Users\\xuech\\AppData\\Roaming\\Balatro\\Mods\\BetterTags-master\\lovely.toml", ignoring it
WARN - [♥] Unknown key `patches.5.?.count` found in patch file at "C:\\Users\\xuech\\AppData\\Roaming\\Balatro\\Mods\\BetterTags-master\\lovely.toml", ignoring it
WARN - [♥] Unknown key `patches.1.?.match_indent` found in patch file at "C:\\Users\\xuech\\AppData\\Roaming\\Balatro\\Mods\\Cartomancer-main\\lovely\\blinds-info.toml", ignoring it
WARN - [♥] Unknown key `patches.2.?.match_indent` found in patch file at "C:\\Users\\xuech\\AppData\\Roaming\\Balatro\\Mods\\Cartomancer-main\\lovely\\stackable-deck-steamodded.toml", ignoring it
WARN - [♥] Unknown key `patches.4.?.match_indent` found in patch file at "C:\\Users\\xuech\\AppData\\Roaming\\Balatro\\Mods\\Cartomancer-main\\lovely\\stackable-deck-steamodded.toml", ignoring it
WARN - [♥] Unknown key `patches.6.?.match_indent` found in patch file at "C:\\Users\\xuech\\AppData\\Roaming\\Balatro\\Mods\\Cartomancer-main\\lovely\\stackable-deck-steamodded.toml", ignoring it
WARN - [♥] Unknown key `patches.1.?.match_indent` found in patch file at "C:\\Users\\xuech\\AppData\\Roaming\\Balatro\\Mods\\HandyBalatro-main\\lovely\\controls_misc.toml", ignoring it
WARN - [♥] Unknown key `patches.1.?.overwrite` found in patch file at "C:\\Users\\xuech\\AppData\\Roaming\\Balatro\\Mods\\HandyBalatro-main\\lovely\\controls_misc.toml", ignoring it
WARN - [♥] Unknown key `patches.0.?.overwrite` found in patch file at "C:\\Users\\xuech\\AppData\\Roaming\\Balatro\\Mods\\HandyBalatro-main\\lovely\\controls_show_deck_preview.toml", ignoring it
INFO - [♥] Cleaning up dumps directory at "C:\\Users\\xuech\\AppData\\Roaming\\Balatro\\Mods\\lovely\\dump"
INFO - [♥] Initialization complete in 59ms
INFO - [♥] Applied 1 patch to 'conf.lua'
WARN - [♥] Pattern 'assert(load(nfs.read(Saturn.PATH .. \"/core/logic/hide_played.lua\")))()' on target 'main.lua' for pattern patch from Cartomancer-main\lovely\saturn-compat.toml resulted in no matches
WARN - [♥] Pattern 'modded and {' on target 'main.lua' for pattern patch from Cartomancer-main\lovely\stackable-deck-steamodded-0.9.8.toml resulted in no matches
INFO - [♥] Applied 24 patches to 'main.lua'
INFO - [♥] Applied 2 patches to 'engine/string_packer.lua'
INFO - [♥] Applied 19 patches to 'engine/controller.lua'
INFO - [♥] Applied 17 patches to 'back.lua'
INFO - [♥] Applied 19 patches to 'tag.lua'
INFO - [♥] Applied 6 patches to 'engine/event.lua'
INFO - [♥] Applied 1 patch to 'engine/node.lua'
INFO - [♥] Applied 3 patches to 'engine/moveable.lua'
INFO - [♥] Applied 6 patches to 'engine/sprite.lua'
INFO - [♥] Applied 4 patches to 'engine/animatedsprite.lua'
WARN - [♥] Pattern 'G.ARGS.score_intensity.earned_score = G.GAME.current_round.current_hand.chips*G.GAME.current_round.current_hand.mult\n' on target 'functions/misc_functions.lua' for pattern patch from Amulet\lovely\anims.toml resulted in no matches
WARN - [♥] Pattern 'G.ARGS.score_intensity.earned_score = SMODS.calculate_round_score(true)\n' on target 'functions/misc_functions.lua' for pattern patch from Amulet\lovely\anims.toml resulted in no matches
WARN - [♥] Pattern 'if card.config.center.set == \'Tarot\' or card.config.center.set == \'Planet\' then' on target 'functions/misc_functions.lua' for pattern patch from Grim-main\lovely.toml resulted in no matches
WARN - [♥] Pattern 'assembled_string = assembled_string..(type(subpart) == \'string\' and subpart or args.vars[tonumber(subpart[1])])' on target 'functions/misc_functions.lua' for pattern patch from my_balatro_mods\lovely\lovely.toml resulted in no matches
INFO - [♥] Applied 99 patches to 'functions/misc_functions.lua'
WARN - [♥] Pattern '    self.GAME.stake = args.stake or self.GAME.stake or 1\n    self.GAME.STOP_USE = 0\n    self.GAME.selected_back = Back(selected_back)\n    self.GAME.selected_back_key = selected_back\n' on target 'game.lua' for pattern patch from FearBeyondDeath-1.0.1\lovely.toml resulted in no matches
WARN - [♥] Pattern 'if G.GAME.current_round.voucher and G.P_CENTERS[G.GAME.current_round.voucher] then' on target 'game.lua' for pattern patch from lock-the-deal\lovely\ltdm.toml resulted in no matches
WARN - [♥] Pattern 'G.FUNCS.evaluate_play()' on target 'game.lua' for pattern patch from MoreFluff-main\lovely\onesliptoolate.toml resulted in no matches
WARN - [♥] Pattern 'if not G.GAME.current_round.used_packs[i] then' on target 'game.lua' for pattern patch from Grim-main\lovely.toml resulted in no matches
INFO - [♥] Applied 149 patches to 'game.lua'
INFO - [♥] Applied 2 patches to 'globals.lua'
WARN - [♥] Pattern 'self.config.chosen = true' on target 'engine/ui.lua' for pattern patch from Cartomancer-main\lovely\vanilla-ui.toml resulted in no matches
INFO - [♥] Applied 9 patches to 'engine/ui.lua'
WARN - [♥] Pattern '{n=G.UIT.T, config={text = G.GAME.hands[handname].chips, scale = 0.45, colour = G.C.UI.TEXT_LIGHT}},' on target 'functions/UI_definitions.lua' for pattern patch from Amulet\lovely\numfmt.toml resulted in no matches
WARN - [♥] Pattern '{n=G.UIT.T, config={text = G.GAME.hands[handname].mult, scale = 0.45, colour = G.C.UI.TEXT_LIGHT}}' on target 'functions/UI_definitions.lua' for pattern patch from Amulet\lovely\numfmt.toml resulted in no matches
WARN - [♥] Pattern 'local card = create_card(v.type, area, nil, nil, nil, nil, nil, \'sho\')' on target 'functions/UI_definitions.lua' for pattern patch from balatro-plus-main\lovely\joker.toml resulted in no matches
WARN - [♥] Pattern 'local card = create_card(v.type, area, nil, nil, nil, nil, nil, \'sho\')' on target 'functions/UI_definitions.lua' for pattern patch from CelesteCardCollection-main\lovely\j_badeline.toml resulted in no matches
WARN - [♥] Pattern 'added_menu_button(scale),' on target 'functions/UI_definitions.lua' for pattern patch from Grim-main\lovely.toml resulted in no matches
WARN - [♥] Pattern 'G.GAME.shop.joker_max*1.02*G.CARD_W,' on target 'functions/UI_definitions.lua' for pattern patch from Grim-main\lovely.toml resulted in no matches
WARN - [♥] Pattern 'local card = Card(0,0, 0.5*G.CARD_W, 0.5*G.CARD_H, G.P_CARDS[v[1]], G.P_CENTERS.c_base)\n' on target 'functions/UI_definitions.lua' for pattern patch from Handsome-Devils-main\lovely.toml resulted in no matches
WARN - [♥] Pattern '{n=G.UIT.T, config={text = string.rep(localize(\"$\"), blind_choice.config.dollars)..\'+\', scale = 0.35, colour = disabled and G.C.UI.TEXT_INACTIVE or G.C.MONEY, shadow = not disabled}}' on target 'functions/UI_definitions.lua' for pattern patch from my_balatro_mods\lovely\lovely.toml resulted in no matches
INFO - [♥] Applied 212 patches to 'functions/UI_definitions.lua'
WARN - [♥] Pattern 'if effects[ii].card then' on target 'functions/state_events.lua' for pattern patch from HandyBalatro-main\lovely\controls_animation_skip.toml resulted in no matches
WARN - [♥] Pattern 'if hand_chips*mult > 0 then' on target 'functions/state_events.lua' for pattern patch from HandyBalatro-main\lovely\controls_scoring_hold.toml resulted in no matches
WARN - [♥] Pattern 'if G.GAME.round_resets.blind == G.P_BLINDS.bl_small then\n  G.GAME.round_resets.blind_states.Small = \'Defeated\' ' on target 'functions/state_events.lua' for pattern patch from MoreFluff-main\lovely\superboss.toml resulted in no matches
WARN - [♥] Pattern 'if G.GAME.round_resets.ante >= G.GAME.win_ante and G.GAME.blind_on_deck == \'Boss\' then\n  game_won = true\n  G.GAME.won = true\nend' on target 'functions/state_events.lua' for pattern patch from MoreFluff-main\lovely\superboss.toml resulted in no matches
WARN - [♥] Pattern 'if effects.jokers.Xmult_mod then mult = mod_mult(mult*effects.jokers.Xmult_mod);extras.mult = true  end' on target 'functions/state_events.lua' for pattern patch from Amulet\lovely\card.toml resulted in no matches
WARN - [♥] Pattern 'if effect.Xmult_mod then mult = mod_mult(mult*effect.Xmult_mod);extras.mult = true  end' on target 'functions/state_events.lua' for pattern patch from Amulet\lovely\card.toml resulted in no matches
WARN - [♥] Pattern 'if effects[ii].message then' on target 'functions/state_events.lua' for pattern patch from Amulet\lovely\card.toml resulted in no matches
WARN - [♥] Pattern '--calculate the card edition effects' on target 'functions/state_events.lua' for pattern patch from Amulet\lovely\card.toml resulted in no matches
WARN - [♥] Pattern 'if effects[ii].edition.p_dollars_mod then' on target 'functions/state_events.lua' for pattern patch from Amulet\lovely\card.toml resulted in no matches
WARN - [♥] Pattern 'if edition_effects.jokers.x_mult_mod then' on target 'functions/state_events.lua' for pattern patch from Amulet\lovely\card.toml resulted in no matches
WARN - [♥] Pattern 'if effects[ii].card then' on target 'functions/state_events.lua' for pattern patch from Amulet\lovely\noanims.toml resulted in no matches
WARN - [♥] Pattern 'SMODS.calculate_context({discard = true, other_card =  G.hand.highlighted[i], full_hand = G.hand.highlighted}, effects)' on target 'functions/state_events.lua' for pattern patch from Balatro-Hevven-main\lovely\call_response.toml resulted in no matches
WARN - [♥] Pattern 'if G.GAME.round_resets.blind == G.P_BLINDS.bl_small then' on target 'functions/state_events.lua' for pattern patch from Balatro-Hevven-main\lovely\challenges.toml resulted in no matches
WARN - [♥] Pattern 'elseif G.GAME.round_resets.blind == G.P_BLINDS.bl_big then' on target 'functions/state_events.lua' for pattern patch from Balatro-Hevven-main\lovely\challenges.toml resulted in no matches
WARN - [♥] Pattern 'check_and_set_high_score(\'hand\', hand_chips*mult)' on target 'functions/state_events.lua' for pattern patch from Balatro-Hevven-main\lovely\flow.toml resulted in no matches
WARN - [♥] Pattern 'check_for_unlock({type = \'interest_streak\'})\n        dollars = dollars + G.GAME.interest_amount*math.min(math.floor(G.GAME.dollars/5), G.GAME.interest_cap/5)\n    end' on target 'functions/state_events.lua' for pattern patch from balatro_reverse_tarots-master\lovely\tarot.toml resulted in no matches
WARN - [♥] Pattern 'local percent = 0.3' on target 'functions/state_events.lua' for pattern patch from Bmblinds\lovely.toml resulted in no matches
WARN - [♥] Pattern 'if G.GAME.blind.name == \'The Serpent\' and' on target 'functions/state_events.lua' for pattern patch from Grim-main\lovely.toml resulted in no matches
WARN - [♥] Pattern 'G.E_MANAGER:add_event(Event({\n    trigger = \'ease\',\n    blocking = false,\n    ref_table = G.GAME,\n    ref_value = \'chips\',\n    ease_to = G.GAME.chips + math.floor(hand_chips*mult),\n    delay =  0.5,\n    func = (function(t) return math.floor(t) end)\n}))' on target 'functions/state_events.lua' for pattern patch from Hit-main\lovely.toml resulted in no matches
WARN - [♥] Pattern 'local flags = SMODS.calculate_context({drawing_cards = true, amount = hand_space})' on target 'functions/state_events.lua' for pattern patch from paperback-main\lovely\drawing_cards.toml resulted in no matches
WARN - [♥] Regex 'for h[ ]*\\= 1, eval\\.jokers\\.repetitions do\n[ \\t]*if G\\.GAME\\.blind.name \\=\\= \"bl_mathbl_infinite\" and not G\\.GAME\\.blind\\.disabled then\n[ \\t]*G\\.GAME\\.blind:wiggle\\(\\)\n[ \\t]*G\\.GAME\\.blind\\.triggered \\= true\n[ \\t]*else\n[ \\t]*reps\\[#reps\\+1\\] \\= eval\n[ \\t]*end\n[ \\t]*end\n[ \\t]*end' on target 'functions/state_events.lua' for regex patch from MathBlinds\lovely.toml resulted in no matches
WARN - [♥] Pattern 'if G.GAME.round_resets.ante == G.GAME.win_ante and G.GAME.blind:get_type() == \'Boss\' then' on target 'functions/state_events.lua' for pattern patch from CelesteCardCollection-main\lovely\b_bside.toml resulted in no matches
WARN - [♥] Pattern 'if G.GAME.round_resets.blind == G.P_BLINDS.bl_small then' on target 'functions/state_events.lua' for pattern patch from CelesteCardCollection-main\lovely\b_bside.toml resulted in no matches
WARN - [♥] Pattern 'elseif G.GAME.round_resets.blind == G.P_BLINDS.bl_big then' on target 'functions/state_events.lua' for pattern patch from CelesteCardCollection-main\lovely\b_bside.toml resulted in no matches
WARN - [♥] Pattern 'if G.GAME.blind.name == \'The Serpent\' and\n' on target 'functions/state_events.lua' for pattern patch from CelesteCardCollection-main\lovely\b_bside.toml resulted in no matches
WARN - [♥] Pattern 'if not G.GAME.blind:debuff_hand(G.play.cards, poker_hands, text) then\n' on target 'functions/state_events.lua' for pattern patch from CelesteCardCollection-main\lovely\b_bside.toml resulted in no matches
INFO - [♥] Applied 184 patches to 'functions/state_events.lua'
WARN - [♥] Pattern '                    {n=G.UIT.C, config={padding = 0.05, align = \'cm\'}, nodes={\n                        {n=G.UIT.R, config={align = \'cm\'}, nodes={\n                            {n=G.UIT.O, config={object = DynaText({string = {\' \'..localize(\'ph_mr_bones\')..\' \'}, colours = {G.C.FILTER}, shadow = true, pop_in = 0, scale = 0.5*scale, silent = true})}}\n                        }}\n                    }}\n' on target 'functions/common_events.lua' for pattern patch from FearBeyondDeath-1.0.1\lovely.toml resulted in no matches
WARN - [♥] Pattern 'func = (function() if eval_func(card) then if not first or first then card:juice_up(0.1, 0.1) end;juice_card_until(card, eval_func, nil, 0.8) end return true end)' on target 'functions/common_events.lua' for pattern patch from HandyBalatro-main\lovely\controls_animation_skip.toml resulted in no matches
WARN - [♥] Pattern 'func = (function() if eval_func(card) then if not first or first then card:juice_up(0.1, 0.1) end;juice_card_until(card, eval_func, nil, 0.8) end return true end)' on target 'functions/common_events.lua' for pattern patch from HandyBalatro-main\lovely\controls_animation_skip.toml resulted in no matches
WARN - [♥] Pattern 'if num_dollars > 60 then' on target 'functions/common_events.lua' for pattern patch from Amulet\lovely\fixes.toml resulted in no matches
WARN - [♥] Pattern 'func = (function() card:juice_up(0.7);return true end)' on target 'functions/common_events.lua' for pattern patch from Amulet\lovely\noanims.toml resulted in no matches
WARN - [♥] Pattern 'if card then card:juice_up(0.8, 0.5) end' on target 'functions/common_events.lua' for pattern patch from Amulet\lovely\noanims.toml resulted in no matches
WARN - [♥] Pattern 'card:juice_up(0.6, 0.1)' on target 'functions/common_events.lua' for pattern patch from Amulet\lovely\noanims.toml resulted in no matches
WARN - [♥] Pattern 'func = (function() if eval_func(card) then if not first or first then card:juice_up(0.1, 0.1) end;juice_card_until(card, eval_func, nil, 0.8) end return true end)' on target 'functions/common_events.lua' for pattern patch from Amulet\lovely\noanims.toml resulted in no matches
WARN - [♥] Pattern 'local delta = (type(vals.chips) == \'number\' and type(G.GAME.current_round.current_hand.chips) == \'number\') and (vals.chips - G.GAME.current_round.current_hand.chips) or 0' on target 'functions/common_events.lua' for pattern patch from Amulet\lovely\typefix.toml resulted in no matches
WARN - [♥] Pattern 'local delta = (type(vals.mult) == \'number\' and type(G.GAME.current_round.current_hand.mult) == \'number\')and (vals.mult - G.GAME.current_round.current_hand.mult) or 0' on target 'functions/common_events.lua' for pattern patch from Amulet\lovely\typefix.toml resulted in no matches
WARN - [♥] Pattern 'local blind_sprite = Sprite(0, 0, 0.7,0.7, G.ASSET_ATLAS[\'tags\'], copy_table(config.pos))' on target 'functions/common_events.lua' for pattern patch from balatro-plus-main\lovely\tag.toml resulted in no matches
WARN - [♥] Pattern 'if num_dollars < 0 then dollars_to_loop = num_dollars*-1 else dollars_to_loop = num_dollars end' on target 'functions/common_events.lua' for pattern patch from BlindEditions-main\lovely.toml resulted in no matches
WARN - [♥] Pattern 'local stay_flipped = G.GAME and G.GAME.blind and G.GAME.blind:stay_flipped(to, card)' on target 'functions/common_events.lua' for pattern patch from Grim-main\lovely.toml resulted in no matches
WARN - [♥] Pattern 'local stay_flipped = G.GAME and G.GAME.blind and G.GAME.blind:stay_flipped(to, card)' on target 'functions/common_events.lua' for pattern patch from Grim-main\lovely.toml resulted in no matches
WARN - [♥] Pattern 'check_and_set_high_score('furthest_ante', G.GAME.round_resets.ante)
WARN - [♥] ' on target 'functions/common_events.lua' for pattern patch from Handsome-Devils-main\lovely.toml resulted in 2 matches, wanted 1
WARN - [♥] Ignoring excess matches
WARN - [♥] Pattern 'new_card:set_sprites(new_card.config.center)' on target 'functions/common_events.lua' for pattern patch from Hit-main\lovely.toml resulted in no matches
WARN - [♥] Pattern 'if _c.effect == \'Mult Card\' then loc_vars = {_c.config.mult}' on target 'functions/common_events.lua' for pattern patch from MikasBalatro\lovely.toml resulted in no matches
WARN - [♥] Pattern 'elseif _c.effect == \'Lucky Card\' then loc_vars = {G.GAME.probabilities.normal, _c.config.mult, 5, _c.config.p_dollars, 15}' on target 'functions/common_events.lua' for pattern patch from MikasBalatro\lovely.toml resulted in no matches
WARN - [♥] Pattern 'if chip > 0 then' on target 'functions/common_events.lua' for pattern patch from my_balatro_mods\lovely\lovely.toml resulted in no matches
WARN - [♥] Pattern 'if mult > 0 then' on target 'functions/common_events.lua' for pattern patch from my_balatro_mods\lovely\lovely.toml resulted in no matches
WARN - [♥] Pattern 'if p_dollars > 0 then' on target 'functions/common_events.lua' for pattern patch from my_balatro_mods\lovely\lovely.toml resulted in no matches
WARN - [♥] Regex 'or \'ph_mr_bones\'\\)..\' \'}, colours = \\{G.C.FILTER' on target 'functions/common_events.lua' for regex patch from Balatro-Hevven-main\lovely\flow.toml resulted in no matches
INFO - [♥] Applied 241 patches to 'functions/common_events.lua'
WARN - [♥] Pattern 'if G.GAME.current_round.discards_left <= 0 or #G.hand.highlighted <= 0 then' on target 'functions/button_callbacks.lua' for pattern patch from balatro-plus-main\lovely\blind.toml resulted in no matches
WARN - [♥] Pattern 'if #G.hand.highlighted <= 0 or G.GAME.blind.block_play or #G.hand.highlighted > 5 then' on target 'functions/button_callbacks.lua' for pattern patch from Grim-main\lovely.toml resulted in no matches
WARN - [♥] Pattern 'else draw_card(G.hand, G.play, 1, \'up\', true, card, nil, mute) end' on target 'functions/button_callbacks.lua' for pattern patch from Grim-main\lovely.toml resulted in no matches
WARN - [♥] Pattern 'G.GAME.round_resets.boss_rerolled = false' on target 'functions/button_callbacks.lua' for pattern patch from HeyListen\lovely.toml resulted in no matches
WARN - [♥] Pattern 'if (#G.hand.highlighted <= 0 or G.GAME.blind.block_play or #G.hand.highlighted > 5) and not (group_size > 5) then' on target 'functions/button_callbacks.lua' for pattern patch from ModPackFixes\lovely.toml resulted in no matches
INFO - [♥] Applied 131 patches to 'functions/button_callbacks.lua'
WARN - [♥] Pattern 'if not v.custom_draw and k ~= \'focused_ui\' and k ~= \"front\" and k ~= \"back\" and k ~= \"soul_parts\" and k ~= \"center\" and k ~= \'floating_sprite\' and k~= \"shadow\" and k~= \"use_button\" and k ~= \'buy_button\' and k ~= \'buy_and_use_button\' and k~= \"debuff\" and k ~= \'price\' and k~= \'particles\' and k ~= \'h_popup\' then v:draw() end\n' on target 'card.lua' for pattern patch from lock-the-deal\lovely\ltdm.toml resulted in no matches
WARN - [♥] Pattern 'self.area.config.type == \'joker\' and\n        not self.ability.eternal then' on target 'card.lua' for pattern patch from JokerHub-2.0.1\lovely.toml resulted in no matches
WARN - [♥] Pattern 'x_mult = center.config.Xmult or 1,' on target 'card.lua' for pattern patch from Amulet\lovely\card.toml resulted in no matches
WARN - [♥] Pattern 'G.E_MANAGER:add_event(Event({func = (function() G.GAME.dollar_buffer = 0; return true end)}))' on target 'card.lua' for pattern patch from Amulet\lovely\noanims.toml resulted in no matches
WARN - [♥] Pattern 'if G.GAME.blind then G.E_MANAGER:add_event(Event({ func = function() G.GAME.blind:set_blind(nil, true, nil); return true end })) end' on target 'card.lua' for pattern patch from Amulet\lovely\noanims.toml resulted in no matches
WARN - [♥] Pattern 'if not SMODS.has_any_suit(context.scoring_hand[i]) then' on target 'card.lua' for pattern patch from balatro_reverse_tarots-master\lovely\tarot.toml resulted in 1 matches, wanted 2
WARN - [♥] Pattern 'elseif context.scoring_hand[i]:is_suit(\'Hearts\') and suits[\"Hearts\"] == 0  then suits[\"Hearts\"] = suits[\"Hearts\"] + 1 end\n                                end' on target 'card.lua' for pattern patch from balatro_reverse_tarots-master\lovely\tarot.toml resulted in no matches
WARN - [♥] Pattern 'if (context.other_card:get_id() == 8) and (pseudorandom(\'8ball\') < G.GAME.probabilities.normal/self.ability.extra) then' on target 'card.lua' for pattern patch from balatro_reverse_tarots-master\lovely\tarot.toml resulted in no matches
WARN - [♥] Pattern 'if self.ability.name == \'Sixth Sense\' and #context.full_hand == 1 and context.full_hand[1]:get_id() == 6 and G.GAME.current_round.hands_played == 0 then' on target 'card.lua' for pattern patch from balatro_reverse_tarots-master\lovely\tarot.toml resulted in no matches
WARN - [♥] Pattern 'if self.ability.consumeable then\n                G.consumeables.config.card_limit = G.consumeables.config.card_limit - self.edition.card_limit' on target 'card.lua' for pattern patch from balatro_reverse_tarots-master\lovely\tarot.toml resulted in no matches
WARN - [♥] Pattern 'G.consumeables.config.card_limit = G.consumeables.config.card_limit + self.edition.card_limit' on target 'card.lua' for pattern patch from balatro_reverse_tarots-master\lovely\tarot.toml resulted in no matches
WARN - [♥] Pattern 'if self.seal == \'Gold\' then G.shared_seals[self.seal]:draw_shader(\'voucher\', nil, self.ARGS.send_to_shader, nil, self.children.center) end' on target 'card.lua' for pattern patch from Bmseals\lovely.toml resulted in no matches
WARN - [♥] Pattern 'if self.seal == \'Blue\' and #G.consumeables.cards + G.GAME.consumeable_buffer < G.consumeables.config.card_limit and not self.ability.extra_enhancement then' on target 'card.lua' for pattern patch from CelesteCardCollection-main\lovely\j_rainbowspinner.toml resulted in no matches
WARN - [♥] Pattern 'bonus_chips = (self.ability.bonus + (self.ability.perma_bonus or 0)) > 0 and (self.ability.bonus + (self.ability.perma_bonus or 0)) or nil,\n' on target 'card.lua' for pattern patch from ExtraCredit\lovely.toml resulted in no matches
WARN - [♥] Pattern 'local _size = self.ability.extra' on target 'card.lua' for pattern patch from Grim-main\lovely.toml resulted in no matches
WARN - [♥] Pattern 'if context.scoring_hand[i].ability.name ~= \'Wild Card\' and not context.scoring_hand[i].config.center.any_suit then' on target 'card.lua' for pattern patch from Grim-main\lovely.toml resulted in no matches
WARN - [♥] Pattern 'if context.scoring_hand[i].ability.name == \'Wild Card\' or context.scoring_hand[i].config.center.any_suit then' on target 'card.lua' for pattern patch from Grim-main\lovely.toml resulted in no matches
WARN - [♥] Pattern 'if self.ability.set == \"Joker\" and not self.debuff then' on target 'card.lua' for pattern patch from Hit-main\lovely.toml resulted in no matches
WARN - [♥] Pattern 'Xmult_mod = G.P_CENTERS.v_observatory.config.extra' on target 'card.lua' for pattern patch from Incantation\lovely.toml resulted in no matches
WARN - [♥] Pattern 'bonus_chips = (self.ability.bonus + (self.ability.perma_bonus or 0)) > 0 and (self.ability.bonus + (self.ability.perma_bonus or 0)) or nil,' on target 'card.lua' for pattern patch from MikasBalatro\lovely.toml resulted in no matches
WARN - [♥] Pattern 'if not SMODS.UndiscoveredSprites[self.ability.set].no_overlay then' on target 'card.lua' for pattern patch from ModPackFixes\lovely.toml resulted in no matches
WARN - [♥] Pattern 'elseif G.consumeables.cards[1] then' on target 'card.lua' for pattern patch from ModPackFixes\lovely.toml resulted in no matches
WARN - [♥] Pattern 'if self.ability.x_mult <= 1 then return 0 end' on target 'card.lua' for pattern patch from my_balatro_mods\lovely\lovely.toml resulted in no matches
WARN - [♥] Regex '[ \\t]*for k, v in pairs\\(G\\.jokers\\.cards\\) do\n[ \\t]*if v ~= eligible_card and \\(not v\\.ability\\.eternal\\) then v:start_dissolve\\(nil, _first_dissolve\\);_first_dissolve = true end\n[ \\t]*end\n' on target 'card.lua' for regex patch from balatro-plus-main\lovely\misc.toml resulted in no matches
WARN - [♥] Pattern 'local currentBack = self.params.viewed_back and G.GAME.viewed_back or G.GAME.selected_back' on target 'card.lua' for pattern patch from Galdur-1.2.1d\lovely.toml resulted in no matches
INFO - [♥] Applied 341 patches to 'card.lua'
WARN - [♥] Pattern 'local card_count = self ~= G.shop_vouchers and {n=G.UIT.R, config={align = self == G.jokers and \'cl\' or self == G.hand and \'cm\' or \'cr\', padding = 0.03, no_fill = true}, nodes={' on target 'cardarea.lua' for pattern patch from Grim-main\lovely.toml resulted in no matches
WARN - [♥] Pattern 'local stay_flipped = G.GAME and G.GAME.blind and G.GAME.blind:stay_flipped(self, card)' on target 'cardarea.lua' for pattern patch from Grim-main\lovely.toml resulted in no matches
WARN - [♥] Pattern 'local stay_flipped = G.GAME and G.GAME.blind and G.GAME.blind:stay_flipped(self, card)' on target 'cardarea.lua' for pattern patch from Grim-main\lovely.toml resulted in no matches
WARN - [♥] Pattern '{n=G.UIT.T, config={ref_table = self.config, ref_value = \'card_limit\', scale = 0.3, colour = G.C.WHITE}},' on target 'cardarea.lua' for pattern patch from my_balatro_mods\lovely\lovely.toml resulted in no matches
WARN - [♥] Pattern 'self.config.card_count = #self.cards' on target 'cardarea.lua' for pattern patch from Overflow-main\lovely\fixes.toml resulted in no matches
INFO - [♥] Applied 42 patches to 'cardarea.lua'
WARN - [♥] Pattern 'G.GAME.current_round.dollars_to_be_earned = self.dollars > 0 and (string.rep(localize(\'$\'), self.dollars)..\'\') or (\'\')' on target 'blind.lua' for pattern patch from my_balatro_mods\lovely\lovely.toml resulted in no matches
INFO - [♥] Applied 84 patches to 'blind.lua'
INFO - [♥] Applied 10 patches to 'card_character.lua'
INFO - [♥] Applied 15 patches to 'engine/text.lua'
INFO - [♥] Applied 3 patches to '=[SMODS _ "src/utils.lua"]'
WARN - [♥] Pattern 'function get_straight(hand)' on target '=[SMODS _ "src/overrides.lua"]' for pattern patch from balatro_reverse_tarots-master\lovely\tarot.toml resulted in no matches
WARN - [♥] Pattern '    for _, v in ipairs(G.handlist) do\n\t\tif G.GAME.hands[v].visible then\n\t\t\ttable.insert(visible_hands, v)\n\t\tend\n\tend\n' on target '=[SMODS _ "src/overrides.lua"]' for pattern patch from Overflow-main\lovely\fixes.toml resulted in no matches
WARN - [♥] Pattern 'for _, v in ipairs(G.handlist) do
WARN - [♥] ' on target '=[SMODS _ "src/overrides.lua"]' for pattern patch from Overflow-main\lovely\fixes.toml resulted in 3 matches, wanted 4
WARN - [♥] Pattern 'card_limit = #SUITS[suit_map[j]],' on target '=[SMODS _ "src/overrides.lua"]' for pattern patch from Cartomancer-main\lovely\stackable-deck-steamodded.toml resulted in no matches
WARN - [♥] Pattern 'card_limit = #SUITS[visible_suit[j]],' on target '=[SMODS _ "src/overrides.lua"]' for pattern patch from Cartomancer-main\lovely\stackable-deck-steamodded.toml resulted in no matches
WARN - [♥] Regex '\t\t\tfor i = 1\\, \\#SUITS\\[suit_map\\[j\\]\\] do\n\t\t\t\tif SUITS\\[suit_map\\[j\\]\\]\\[i\\] then\n\t\t\t\t\tlocal greyed\\, _scale = nil\\, 0\\.7\n\t\t\t\t\tif unplayed_only and not \\(\\(SUITS\\[suit_map\\[j\\]\\]\\[i\\]\\.area and SUITS\\[suit_map\\[j\\]\\]\\[i\\]\\.area == G\\.deck\\) or SUITS\\[suit_map\\[j\\]\\]\\[i\\]\\.ability\\.wheel_flipped\\) then\n\t\t\t\t\t\tgreyed = true\n\t\t\t\t\tend\n\t\t\t\t\tlocal copy = copy_card\\(SUITS\\[suit_map\\[j\\]\\]\\[i\\]\\, nil\\, _scale[^\\)\\n]*\\)\n\t\t\t\t\tcopy\\.greyed = greyed\n\t\t\t\t\tcopy\\.T\\.x = view_deck\\.T\\.x \\+ view_deck\\.T\\.w \\/ 2\n\t\t\t\t\tcopy\\.T\\.y = view_deck\\.T\\.y\n\n\t\t\t\t\tcopy:hard_set_T\\(\\)\n\t\t\t\t\tview_deck:emplace\\(copy\\)\n\t\t\t\tend\n\t\t\tend' on target '=[SMODS _ "src/overrides.lua"]' for regex patch from Cartomancer-main\lovely\stackable-deck-steamodded.toml resulted in no matches
INFO - [♥] Applied 13 patches to '=[SMODS _ "src/overrides.lua"]'
WARN - [♥] Pattern 'hand[self.key] = math.max(hand[\'s_\'..self.key] + hand[\'l_\'..self.key]*(hand.level - 1), 0)\n' on target '=[SMODS _ "src/game_object.lua"]' for pattern patch from Handsome-Devils-main\lovely.toml resulted in no matches
INFO - [♥] Applied 5 patches to '=[SMODS _ "src/game_object.lua"]'
INFO - [G] Failed to connect to the debug server 
INFO - [G] 2026-01-02 21:44:14 :: DEBUG :: DebugConsole :: Steamodded Debug Socket started ! 
INFO - [G] 2026-01-02 21:44:14 :: INFO  :: SMODS :: Steamodded v1.0.0~BETA-1224a 
INFO - [G] Order not set for config dictionary: speed_multiplier_settings_toggle 
INFO - [G] Order not set for config dictionary: speed_multiplier_default_value 
INFO - [G] Order not set for config dictionary: regular_keybinds_lobby_info 
INFO - [G] Order not set for config dictionary: animation_skip_settings_toggle 
INFO - [G] Order not set for config dictionary: animation_skip_default_value 
INFO - [G] [Blueprint] Starting to load config 
INFO - [G] [Blueprint] Reading config file:  
INFO - [G] [Blueprint] return {
	["INTERNAL_debug"] = false,
	["hello"] = true,
	["brainstorm"] = true,
	["blueprint"] = true,
} 
INFO - [G] [Blueprint] Removing setting `hello` because it is not in default config 
INFO - [♥] Applied 9 patches to 'engine/sound_manager.lua'
INFO - [G] Loaded all Blueprint mod shaders successfully 
INFO - [♥] Applied 1 patch to 'engine/save_manager.lua'
INFO - [♥] Applied 2 patches to 'engine/string_packer.lua'
WARN - [♥] Pattern 'if not self.no_shadow and G.SETTINGS.GRAPHICS.shadows == \'On\' and((layer == \'shadow\' or layer == \'both\') and (self.ability.effect ~= \'Glass Card\' and not self.greyed) and ((self.area and self.area ~= G.discard and self.area.config.type ~= \'deck\') or not self.area or self.states.drag.is)) then' on target '=[SMODS _ "src/card_draw.lua"]' for pattern patch from my_balatro_mods\lovely\shader.toml resulted in no matches
INFO - [♥] Applied 3 patches to '=[SMODS _ "src/card_draw.lua"]'
INFO - [G] 2026-01-02 21:44:15 :: INFO  :: Loader :: Valid JSON file found 
INFO - [G] 2026-01-02 21:44:15 :: TRACE :: Loader :: Processing Mod file (Legacy header): Actions.lua 
INFO - [G] 2026-01-02 21:44:15 :: TRACE :: Loader :: Saving Mod Info: ACT 
INFO - [G] 2026-01-02 21:44:15 :: TRACE :: Loader :: Processing Mod file (Legacy header): Always_Show_Seed.lua 
INFO - [G] 2026-01-02 21:44:15 :: TRACE :: Loader :: Saving Mod Info: Infarctus_Always_Show_Seed 
INFO - [G] 2026-01-02 21:44:15 :: ERROR :: Loader :: Found invalid metadata JSON file at C:\Users\xuech\AppData\Roaming\Balatro\Mods/Amulet/manifest.json, ignoring: [SMODS _ "src/loader.lua"]:226: id 
INFO - [G] 2026-01-02 21:44:15 :: INFO  :: Loader :: Valid JSON file found 
INFO - [G] 2026-01-02 21:44:15 :: TRACE :: Loader :: Processing Mod file (Legacy header): Azazel.lua 
INFO - [G] 2026-01-02 21:44:15 :: TRACE :: Loader :: Saving Mod Info: AzzysJokers 
INFO - [G] 2026-01-02 21:44:15 :: ERROR :: Loader :: Found invalid metadata JSON file at C:\Users\xuech\AppData\Roaming\Balatro\Mods/Balatro-Aikoyoris-Shenanigans-main/.luarc.json, ignoring: [SMODS _ "src/loader.lua"]:226: id 
INFO - [G] 2026-01-02 21:44:15 :: ERROR :: Loader :: Found invalid metadata JSON file at C:\Users\xuech\AppData\Roaming\Balatro\Mods/Balatro-Aikoyoris-Shenanigans-main/.vscode/settings.json, ignoring: [SMODS _ "src/loader.lua"]:226: id 
INFO - [G] 2026-01-02 21:44:15 :: INFO  :: Loader :: Valid JSON file found 
INFO - [G] 2026-01-02 21:44:15 :: INFO  :: Loader :: Valid JSON file found 
INFO - [G] 2026-01-02 21:44:15 :: TRACE :: Loader :: Processing Mod file (Legacy header): BalatroJokersPlus.lua 
INFO - [G] 2026-01-02 21:44:15 :: TRACE :: Loader :: Saving Mod Info: BalatroJokersPLUS 
INFO - [G] 2026-01-02 21:44:15 :: INFO  :: Loader :: Valid JSON file found 
INFO - [G] 2026-01-02 21:44:15 :: ERROR :: Loader :: Found invalid metadata JSON file at C:\Users\xuech\AppData\Roaming\Balatro\Mods/Balatrostuck-1.0.3/.vscode/settings.json, ignoring: [SMODS _ "src/loader.lua"]:226: id 
INFO - [G] 2026-01-02 21:44:15 :: INFO  :: Loader :: Valid JSON file found 
INFO - [G] 2026-01-02 21:44:15 :: INFO  :: Loader :: Valid JSON file found 
INFO - [G] 2026-01-02 21:44:15 :: TRACE :: Loader :: Processing Mod file (Legacy header): BetterIllusion.lua 
INFO - [G] 2026-01-02 21:44:15 :: TRACE :: Loader :: Saving Mod Info: betterillusion 
INFO - [G] 2026-01-02 21:44:15 :: TRACE :: Loader :: Processing Mod file (Legacy header): BetterMouseAndGamepad_v1.0.6c.lua 
INFO - [G] 2026-01-02 21:44:15 :: TRACE :: Loader :: Saving Mod Info: BetterMouseAndGamepad 
INFO - [G] 2026-01-02 21:44:15 :: INFO  :: Loader :: Valid JSON file found 
INFO - [G] 2026-01-02 21:44:15 :: TRACE :: Loader :: Processing Mod file (Legacy header): BlindEditions.lua 
INFO - [G] 2026-01-02 21:44:15 :: TRACE :: Loader :: Saving Mod Info: BlindEditions 
INFO - [G] 2026-01-02 21:44:15 :: TRACE :: Loader :: Processing Mod file (Legacy header): mod.lua 
INFO - [G] 2026-01-02 21:44:15 :: TRACE :: Loader :: Saving Mod Info: blueprint 
INFO - [G] 2026-01-02 21:44:15 :: TRACE :: Loader :: Processing Mod file (Legacy header): Bmjokers.lua 
INFO - [G] 2026-01-02 21:44:15 :: TRACE :: Loader :: Saving Mod Info: Bmjokers 
INFO - [G] 2026-01-02 21:44:15 :: TRACE :: Loader :: Processing Mod file (Legacy header): Bmmanualtags.lua 
INFO - [G] 2026-01-02 21:44:15 :: TRACE :: Loader :: Saving Mod Info: Bmmanualtags 
INFO - [G] 2026-01-02 21:44:15 :: TRACE :: Loader :: Processing Mod file (Legacy header): Bmportable.lua 
INFO - [G] 2026-01-02 21:44:15 :: TRACE :: Loader :: Saving Mod Info: Bmportable 
INFO - [G] 2026-01-02 21:44:15 :: TRACE :: Loader :: Processing Mod file (Legacy header): Bmwallet.lua 
INFO - [G] 2026-01-02 21:44:15 :: TRACE :: Loader :: Saving Mod Info: Bmwallet 
INFO - [G] 2026-01-02 21:44:15 :: TRACE :: Loader :: Processing Mod file (Legacy header): Bmbacks.lua 
INFO - [G] 2026-01-02 21:44:15 :: TRACE :: Loader :: Saving Mod Info: Bmbacks 
INFO - [G] 2026-01-02 21:44:15 :: TRACE :: Loader :: Processing Mod file (Legacy header): Bmblinds.lua 
INFO - [G] 2026-01-02 21:44:15 :: TRACE :: Loader :: Saving Mod Info: Bmblinds 
INFO - [G] 2026-01-02 21:44:15 :: TRACE :: Loader :: Processing Mod file (Legacy header): Bmconsumables.lua 
INFO - [G] 2026-01-02 21:44:15 :: TRACE :: Loader :: Saving Mod Info: Bmconsumables 
INFO - [G] 2026-01-02 21:44:15 :: TRACE :: Loader :: Processing Mod file (Legacy header): Bmseals.lua 
INFO - [G] 2026-01-02 21:44:15 :: TRACE :: Loader :: Saving Mod Info: Bmseals 
INFO - [G] 2026-01-02 21:44:15 :: TRACE :: Loader :: Processing Mod file (Legacy header): Bmvouchers.lua 
INFO - [G] 2026-01-02 21:44:15 :: TRACE :: Loader :: Saving Mod Info: Bmvouchers 
INFO - [G] 2026-01-02 21:44:15 :: INFO  :: Loader :: Valid JSON file found 
INFO - [G] 2026-01-02 21:44:15 :: INFO  :: Loader :: Valid JSON file found 
INFO - [G] 2026-01-02 21:44:15 :: TRACE :: Loader :: Processing Mod file (Legacy header): mod.lua 
INFO - [G] 2026-01-02 21:44:15 :: TRACE :: Loader :: Saving Mod Info: cartomancer 
INFO - [G] 2026-01-02 21:44:15 :: INFO  :: Loader :: Valid JSON file found 
INFO - [G] 2026-01-02 21:44:15 :: ERROR :: Loader :: Found invalid metadata JSON file at C:\Users\xuech\AppData\Roaming\Balatro\Mods/CelesteCardCollection-main/settings.json, ignoring: [lovely json "libs/json/json.lua"]:185: expected string for key at line 3 col 57 
INFO - [G] 2026-01-02 21:44:15 :: TRACE :: Loader :: Processing Mod file (Legacy header): main.lua 
INFO - [G] 2026-01-02 21:44:15 :: TRACE :: Loader :: Saving Mod Info: ceres 
INFO - [G] 2026-01-02 21:44:15 :: INFO  :: Loader :: Valid JSON file found 
INFO - [G] 2026-01-02 21:44:15 :: ERROR :: Loader :: Found invalid metadata JSON file at C:\Users\xuech\AppData\Roaming\Balatro\Mods/DebugPlus-master/.luarc.json, ignoring: [SMODS _ "src/loader.lua"]:226: id 
INFO - [G] 2026-01-02 21:44:15 :: ERROR :: Loader :: Found invalid metadata JSON file at C:\Users\xuech\AppData\Roaming\Balatro\Mods/DebugPlus-master/dev/.luarc.json, ignoring: [SMODS _ "src/loader.lua"]:226: id 
INFO - [G] 2026-01-02 21:44:15 :: INFO  :: Loader :: Valid JSON file found 
INFO - [G] 2026-01-02 21:44:15 :: ERROR :: Loader :: Found invalid metadata JSON file at C:\Users\xuech\AppData\Roaming\Balatro\Mods/DeckStickerShowEverywhere/DeckStickerShowEverywhere.json, ignoring: [SMODS _ "src/loader.lua"]:226: main_file 
INFO - [G] 2026-01-02 21:44:15 :: INFO  :: Loader :: Valid JSON file found 
INFO - [G] 2026-01-02 21:44:15 :: TRACE :: Loader :: Processing Mod file (Legacy header): DiscoveryManager.lua 
INFO - [G] 2026-01-02 21:44:15 :: TRACE :: Loader :: Saving Mod Info: ResetDiscovered 
INFO - [G] 2026-01-02 21:44:15 :: INFO  :: Loader :: Valid JSON file found 
INFO - [G] 2026-01-02 21:44:15 :: TRACE :: Loader :: Processing Mod file (Legacy header): EscapeExitButton.lua 
INFO - [G] 2026-01-02 21:44:15 :: TRACE :: Loader :: Saving Mod Info: EscapeExitButton 
INFO - [G] 2026-01-02 21:44:15 :: INFO  :: Loader :: Valid JSON file found 
INFO - [G] 2026-01-02 21:44:15 :: INFO  :: Loader :: Valid JSON file found 
INFO - [G] 2026-01-02 21:44:15 :: ERROR :: Loader :: Found invalid metadata JSON file at C:\Users\xuech\AppData\Roaming\Balatro\Mods/Fools-Gambit/.vscode/settings.json, ignoring: [SMODS _ "src/loader.lua"]:226: id 
INFO - [G] 2026-01-02 21:44:15 :: INFO  :: Loader :: Valid JSON file found 
INFO - [G] 2026-01-02 21:44:15 :: INFO  :: Loader :: Valid JSON file found 
INFO - [G] 2026-01-02 21:44:15 :: INFO  :: Loader :: Valid JSON file found 
INFO - [G] 2026-01-02 21:44:15 :: INFO  :: Loader :: Valid JSON file found 
INFO - [G] 2026-01-02 21:44:15 :: INFO  :: Loader :: Valid JSON file found 
INFO - [G] 2026-01-02 21:44:15 :: TRACE :: Loader :: Processing Mod file (Legacy header): Grim.lua 
INFO - [G] 2026-01-02 21:44:15 :: TRACE :: Loader :: Saving Mod Info: GRM 
INFO - [G] 2026-01-02 21:44:15 :: TRACE :: Loader :: Processing Mod file (Legacy header): H1DROmod.lua 
INFO - [G] 2026-01-02 21:44:15 :: TRACE :: Loader :: Saving Mod Info: H1DROmod 
INFO - [G] 2026-01-02 21:44:15 :: INFO  :: Loader :: Valid JSON file found 
INFO - [G] 2026-01-02 21:44:15 :: INFO  :: Loader :: Valid JSON file found 
INFO - [G] 2026-01-02 21:44:15 :: TRACE :: Loader :: Processing Mod file (Legacy header): steamodded.lua 
INFO - [G] 2026-01-02 21:44:15 :: WARN  :: Loader :: Duplicate Mod ID: Handy 
INFO - [G] 2026-01-02 21:44:15 :: TRACE :: Loader :: Processing Mod file (Legacy header): steamodded.lua 
INFO - [G] 2026-01-02 21:44:15 :: TRACE :: Loader :: Saving Mod Info: HeyListen 
INFO - [G] 2026-01-02 21:44:15 :: TRACE :: Loader :: Processing Mod file (Legacy header): Hit.lua 
INFO - [G] 2026-01-02 21:44:15 :: TRACE :: Loader :: Saving Mod Info: HIT 
INFO - [G] 2026-01-02 21:44:15 :: INFO  :: Loader :: Valid JSON file found 
INFO - [G] 2026-01-02 21:44:15 :: INFO  :: Loader :: Valid JSON file found 
INFO - [G] 2026-01-02 21:44:15 :: TRACE :: Loader :: Processing Mod file (Legacy header): JenLib.lua 
INFO - [G] 2026-01-02 21:44:15 :: TRACE :: Loader :: Saving Mod Info: JenLib 
INFO - [G] 2026-01-02 21:44:15 :: TRACE :: Loader :: Processing Mod file (Legacy header): Jestobiology.lua 
INFO - [G] 2026-01-02 21:44:15 :: TRACE :: Loader :: Saving Mod Info: Jestobiology 
INFO - [G] 2026-01-02 21:44:15 :: INFO  :: Loader :: Valid JSON file found 
INFO - [G] 2026-01-02 21:44:15 :: INFO  :: Loader :: Valid JSON file found 
INFO - [G] 2026-01-02 21:44:15 :: INFO  :: Loader :: Valid JSON file found 
INFO - [G] 2026-01-02 21:44:15 :: TRACE :: Loader :: Processing Mod file (Legacy header): Loop.lua 
INFO - [G] 2026-01-02 21:44:15 :: TRACE :: Loader :: Saving Mod Info: loop 
INFO - [G] 2026-01-02 21:44:15 :: TRACE :: Loader :: Processing Mod file (Legacy header): MathBlinds.lua 
INFO - [G] 2026-01-02 21:44:15 :: TRACE :: Loader :: Saving Mod Info: MathBlinds 
INFO - [G] 2026-01-02 21:44:15 :: TRACE :: Loader :: Processing Mod file (Legacy header): MikasModCollection.lua 
INFO - [G] 2026-01-02 21:44:15 :: TRACE :: Loader :: Saving Mod Info: MikasMods 
INFO - [G] 2026-01-02 21:44:15 :: TRACE :: Loader :: Processing Mod file (Legacy header): ModPackFixes.lua 
INFO - [G] 2026-01-02 21:44:15 :: TRACE :: Loader :: Saving Mod Info: modpackfixes 
INFO - [G] 2026-01-02 21:44:15 :: TRACE :: Loader :: Processing Mod file (Legacy header): MoreFluff.lua 
INFO - [G] 2026-01-02 21:44:15 :: TRACE :: Loader :: Saving Mod Info: MoreFluff 
INFO - [G] 2026-01-02 21:44:15 :: INFO  :: Loader :: Valid JSON file found 
INFO - [G] 2026-01-02 21:44:15 :: INFO  :: Loader :: Valid JSON file found 
INFO - [G] 2026-01-02 21:44:15 :: INFO  :: Loader :: Valid JSON file found 
INFO - [G] 2026-01-02 21:44:15 :: INFO  :: Loader :: Valid JSON file found 
INFO - [G] 2026-01-02 21:44:15 :: INFO  :: Loader :: Valid JSON file found 
INFO - [G] 2026-01-02 21:44:15 :: INFO  :: Loader :: Valid JSON file found 
INFO - [G] 2026-01-02 21:44:15 :: INFO  :: Loader :: Valid JSON file found 
INFO - [G] 2026-01-02 21:44:15 :: INFO  :: Loader :: Valid JSON file found 
INFO - [G] 2026-01-02 21:44:15 :: ERROR :: Loader :: Found invalid metadata JSON file at C:\Users\xuech\AppData\Roaming\Balatro\Mods/balatro-plus-main/.emmyrc.json, ignoring: [SMODS _ "src/loader.lua"]:226: id 
INFO - [G] 2026-01-02 21:44:15 :: INFO  :: Loader :: Valid JSON file found 
INFO - [G] 2026-01-02 21:44:15 :: INFO  :: Loader :: Valid JSON file found 
INFO - [G] 2026-01-02 21:44:15 :: INFO  :: Loader :: Valid JSON file found 
INFO - [G] 2026-01-02 21:44:15 :: ERROR :: Loader :: Found invalid metadata JSON file at C:\Users\xuech\AppData\Roaming\Balatro\Mods/lock-the-deal/.luarc.json, ignoring: [SMODS _ "src/loader.lua"]:226: id 
INFO - [G] 2026-01-02 21:44:15 :: INFO  :: Loader :: Valid JSON file found 
INFO - [G] 2026-01-02 21:44:15 :: INFO  :: Loader :: Valid JSON file found 
INFO - [G] 2026-01-02 21:44:15 :: TRACE :: Loader :: Processing Mod file (Legacy header): 5_legendary_challenges.lua 
INFO - [G] 2026-01-02 21:44:15 :: TRACE :: Loader :: Saving Mod Info: legendaryChallenges 
INFO - [G] 2026-01-02 21:44:15 :: TRACE :: Loader :: Processing Mod file (Legacy header): Betmma_Abilities.lua 
INFO - [G] 2026-01-02 21:44:15 :: TRACE :: Loader :: Saving Mod Info: BetmmaAbilities 
INFO - [G] 2026-01-02 21:44:15 :: TRACE :: Loader :: Processing Mod file (Legacy header): Betmma_Jokers.lua 
INFO - [G] 2026-01-02 21:44:15 :: TRACE :: Loader :: Saving Mod Info: BetmmaJokers 
INFO - [G] 2026-01-02 21:44:15 :: TRACE :: Loader :: Processing Mod file (Legacy header): Betmma_Spells.lua 
INFO - [G] 2026-01-02 21:44:15 :: TRACE :: Loader :: Saving Mod Info: BetmmaSpells 
INFO - [G] 2026-01-02 21:44:15 :: TRACE :: Loader :: Processing Mod file (Legacy header): Betmma_Voucher_Pack.lua 
INFO - [G] 2026-01-02 21:44:15 :: TRACE :: Loader :: Saving Mod Info: BetmmaVoucherPack 
INFO - [G] 2026-01-02 21:44:15 :: TRACE :: Loader :: Processing Mod file (Legacy header): Betmma_Vouchers.lua 
INFO - [G] 2026-01-02 21:44:15 :: TRACE :: Loader :: Saving Mod Info: BetmmaVouchers 
INFO - [G] 2026-01-02 21:44:15 :: TRACE :: Loader :: Processing Mod file (Legacy header): better_vouchers_this_run_ui.lua 
INFO - [G] 2026-01-02 21:44:15 :: TRACE :: Loader :: Saving Mod Info: BetterVouchersThisRunUI 
INFO - [G] 2026-01-02 21:44:15 :: ERROR :: Loader :: Found invalid metadata JSON file at C:\Users\xuech\AppData\Roaming\Balatro\Mods/paperback-main/.vscode/settings.json, ignoring: [SMODS _ "src/loader.lua"]:226: id 
INFO - [G] 2026-01-02 21:44:15 :: INFO  :: Loader :: Valid JSON file found 
INFO - [G] 2026-01-02 21:44:15 :: INFO  :: Loader :: Valid JSON file found 
WARN - [♥] Pattern '    if self.ability and self.ability.set == \'Joker\' then' on target '=[SMODS JokerDisplay "src/display_functions.lua"]' for pattern patch from MoreFluff-main\lovely\colour_joker_display.toml resulted in no matches
WARN - [♥] Pattern 'if JokerDisplay.config.enabled and G.jokers and self.area == G.jokers then' on target '=[SMODS JokerDisplay "src/display_functions.lua"]' for pattern patch from MoreFluff-main\lovely\colour_joker_display.toml resulted in no matches
INFO - [♥] Applied 1 patch to '=[SMODS JokerDisplay "src/display_functions.lua"]'
INFO - [♥] Applied 1 patch to '=[SMODS JokerDisplay "src/config_tab.lua"]'
INFO - [G] 2026-01-02 21:44:15 :: WARN  :: Atlas :: Detected duplicate register call on object c3x_modicon 
INFO - [G] :: Initializing shared module. 
INFO - [G] 2026-01-02 21:44:15 :: DEBUG :: JokerHub :: Loaded joker: broker 
INFO - [G] 2026-01-02 21:44:15 :: DEBUG :: JokerHub :: Loaded joker: rekoj 
INFO - [G] 2026-01-02 21:44:15 :: DEBUG :: JokerHub :: Loaded joker: da_joki 
INFO - [G] 2026-01-02 21:44:15 :: DEBUG :: JokerHub :: Loaded joker: mulligan 
INFO - [G] 2026-01-02 21:44:15 :: DEBUG :: JokerHub :: Loaded joker: leap_frog 
INFO - [G] 2026-01-02 21:44:15 :: DEBUG :: JokerHub :: Loaded joker: orb_of_confusion 
INFO - [G] 2026-01-02 21:44:15 :: DEBUG :: JokerHub :: Loaded joker: going_viral 
INFO - [G] 2026-01-02 21:44:15 :: DEBUG :: JokerHub :: Loaded joker: snowball_effect 
INFO - [G] 2026-01-02 21:44:15 :: DEBUG :: JokerHub :: Loaded joker: face_value 
INFO - [G] 2026-01-02 21:44:15 :: DEBUG :: JokerHub :: Loaded joker: twins 
INFO - [G] 2026-01-02 21:44:15 :: DEBUG :: JokerHub :: Loaded joker: union_member_card 
INFO - [G] 2026-01-02 21:44:15 :: DEBUG :: JokerHub :: Loaded joker: gambit 
INFO - [G] 2026-01-02 21:44:15 :: DEBUG :: JokerHub :: Loaded joker: syphon_funding 
INFO - [G] 2026-01-02 21:44:15 :: DEBUG :: JokerHub :: Loaded joker: metal_joker 
INFO - [G] 2026-01-02 21:44:15 :: DEBUG :: JokerHub :: Loaded joker: forbidden_fruit 
INFO - [G] 2026-01-02 21:44:15 :: DEBUG :: JokerHub :: Loaded joker: demon_core 
INFO - [G] 2026-01-02 21:44:15 :: DEBUG :: JokerHub :: Loaded joker: last_hurrah 
INFO - [G] 2026-01-02 21:44:15 :: DEBUG :: JokerHub :: Loaded joker: garbage_bag 
INFO - [G] 2026-01-02 21:44:15 :: DEBUG :: JokerHub :: Loaded joker: long_time_friends 
INFO - [G] 2026-01-02 21:44:15 :: DEBUG :: JokerHub :: Loaded joker: hudson 
INFO - [G] 2026-01-02 21:44:15 :: DEBUG :: JokerHub :: Loaded joker: amamiya 
INFO - [G] 2026-01-02 21:44:15 :: DEBUG :: JokerHub :: Loaded joker: lychee_dragon 
INFO - [G] betmma config not found 
INFO - [G] 2026-01-02 21:44:15 :: TRACE :: Loader :: Mod Bunco was unable to load:  
INFO - [G] 2026-01-02 21:44:15 :: TRACE :: Loader :: Mod Pokermon was unable to load:  
INFO - [G] 2026-01-02 21:44:15 :: TRACE :: Loader :: Mod Bakery was unable to load:  
INFO - [G] 2026-01-02 21:44:15 :: WARN  :: Spell :: The field `raw_key` on dark is deprecated.
Set `prefix_config.key = false` on your object instead. 
INFO - [G] 2026-01-02 21:44:15 :: WARN  :: Spell :: The field `raw_key` on light is deprecated.
Set `prefix_config.key = false` on your object instead. 
INFO - [G] 2026-01-02 21:44:15 :: WARN  :: Spell :: The field `raw_key` on earth is deprecated.
Set `prefix_config.key = false` on your object instead. 
INFO - [G] 2026-01-02 21:44:15 :: WARN  :: Spell :: The field `raw_key` on air is deprecated.
Set `prefix_config.key = false` on your object instead. 
INFO - [G] 2026-01-02 21:44:15 :: WARN  :: Spell :: The field `raw_key` on water is deprecated.
Set `prefix_config.key = false` on your object instead. 
INFO - [G] 2026-01-02 21:44:15 :: WARN  :: Spell :: The field `raw_key` on fire is deprecated.
Set `prefix_config.key = false` on your object instead. 
INFO - [G] 2026-01-02 21:44:15 :: WARN  :: Spell :: The field `raw_key` on shadow is deprecated.
Set `prefix_config.key = false` on your object instead. 
INFO - [G] 2026-01-02 21:44:15 :: WARN  :: Spell :: The field `raw_key` on inferno is deprecated.
Set `prefix_config.key = false` on your object instead. 
INFO - [G] 2026-01-02 21:44:15 :: WARN  :: Spell :: The field `raw_key` on abyss is deprecated.
Set `prefix_config.key = false` on your object instead. 
INFO - [G] 2026-01-02 21:44:15 :: WARN  :: Spell :: The field `raw_key` on cavern is deprecated.
Set `prefix_config.key = false` on your object instead. 
INFO - [G] 2026-01-02 21:44:15 :: WARN  :: Spell :: The field `raw_key` on smoke is deprecated.
Set `prefix_config.key = false` on your object instead. 
INFO - [G] 2026-01-02 21:44:15 :: WARN  :: Spell :: The field `raw_key` on radiance is deprecated.
Set `prefix_config.key = false` on your object instead. 
INFO - [G] 2026-01-02 21:44:15 :: WARN  :: Spell :: The field `raw_key` on reflection is deprecated.
Set `prefix_config.key = false` on your object instead. 
INFO - [G] 2026-01-02 21:44:15 :: WARN  :: Spell :: The field `raw_key` on crystal is deprecated.
Set `prefix_config.key = false` on your object instead. 
INFO - [G] 2026-01-02 21:44:15 :: WARN  :: Spell :: The field `raw_key` on halo is deprecated.
Set `prefix_config.key = false` on your object instead. 
INFO - [G] 2026-01-02 21:44:15 :: WARN  :: Spell :: The field `raw_key` on steam is deprecated.
Set `prefix_config.key = false` on your object instead. 
INFO - [G] 2026-01-02 21:44:15 :: WARN  :: Spell :: The field `raw_key` on magma is deprecated.
Set `prefix_config.key = false` on your object instead. 
INFO - [G] 2026-01-02 21:44:15 :: WARN  :: Spell :: The field `raw_key` on ember is deprecated.
Set `prefix_config.key = false` on your object instead. 
INFO - [G] 2026-01-02 21:44:15 :: WARN  :: Spell :: The field `raw_key` on mud is deprecated.
Set `prefix_config.key = false` on your object instead. 
INFO - [G] 2026-01-02 21:44:15 :: WARN  :: Spell :: The field `raw_key` on dust is deprecated.
Set `prefix_config.key = false` on your object instead. 
INFO - [G] 2026-01-02 21:44:15 :: WARN  :: Spell :: The field `raw_key` on cloud is deprecated.
Set `prefix_config.key = false` on your object instead. 
INFO - [G] 2026-01-02 21:44:15 :: WARN  :: Spell :: The field `raw_key` on ripple is deprecated.
Set `prefix_config.key = false` on your object instead. 
INFO - [G] 2026-01-02 21:44:15 :: WARN  :: Spell :: The field `raw_key` on lava is deprecated.
Set `prefix_config.key = false` on your object instead. 
INFO - [G] 2026-01-02 21:44:15 :: TRACE :: Loader :: Mod GARBPACK was unable to load:  
INFO - [G] 2026-01-02 21:44:15 :: WARN  :: Atlas :: Detected duplicate register call on object grm_modicon 
INFO - [G] 2026-01-02 21:44:15 :: WARN  :: ObjectType :: Object Food has the same key as an existing object, not registering. 
INFO - [G] 2026-01-02 21:44:15 :: WARN  :: ObjectType :: If you want to modify an existing object, use take_ownership() 
INFO - [G] basepaul_card 
INFO - [G] blahaj 
INFO - [G] clownfish 
INFO - [G] expansion_pack 
INFO - [G] hollow 
INFO - [G] jackofalltrades 
INFO - [G] jester 
INFO - [G] lollipop 
INFO - [G] luckycharm 
INFO - [G] mspaint 
INFO - [G] philosophical 
INFO - [G] simplified 
INFO - [G] spiral 
INFO - [G] treasuremap 
INFO - [G] unregisteredhypercam 
INFO - [G] dropkick 
INFO - [G] bladedance 
INFO - [G] hyperbeam 
INFO - [G] blasphemy 
INFO - [G] dramaticentrance 
INFO - [G] badlegaldefence 
INFO - [G] blunder 
INFO - [G] brilliant 
INFO - [G] broomcloset 
INFO - [G] clipart 
INFO - [G] coupon_catalogue 
INFO - [G] css 
INFO - [G] cueball 
INFO - [G] flintandsteel 
INFO - [G] gemstonejoker 
INFO - [G] globe 
INFO - [G] goldencarrot 
INFO - [G] hallofmirrors 
INFO - [G] impostor 
INFO - [G] farmmerge 
INFO - [G] friendinsideme 
INFO - [G] junkmail 
INFO - [G] onesliptoolate 
INFO - [G] tonersoup 
INFO - [G] unpleasantcard 
INFO - [G] lightningstrikesthrice 
INFO - [G] loadeddisk 
INFO - [G] missingjoker 
INFO - [G] paintcan 
INFO - [G] rot_cartomancer 
INFO - [G] sapling 
INFO - [G] snake 
INFO - [G] slotmachine 
INFO - [G] stylemeter 
INFO - [G] stonejokerjoker 
INFO - [G] sudoku 
INFO - [G] talljoker 
INFO - [G] teacup 
INFO - [G] tealjoker 
INFO - [G] thewayhome 
INFO - [G] recycling 
INFO - [G] virtual 
INFO - [G] wilddrawfour 
INFO - [G] yuckyrat 
INFO - [G] allicantdo 
INFO - [G] bloodpact 
INFO - [G] bookmove 
INFO - [G] brass 
INFO - [G] bowlingball 
INFO - [G] cba 
INFO - [G] complexitycreep 
INFO - [G] fleshprison 
INFO - [G] hugejoker 
INFO - [G] hyperjimbo 
INFO - [G] jankman 
INFO - [G] mashupalbum 
INFO - [G] pixeljoker 
INFO - [G] rainbowjoker 
INFO - [G] rosetinted 
INFO - [G] the_solo 
INFO - [G] top10 
INFO - [G] widejoker 
INFO - [G] triangle 
INFO - [G] marigold 
INFO - [G] lessfluff 
INFO - [G] checking p_voucher_pack 
INFO - [G] Updating p_voucher_pack 
INFO - [G] checking p_uncommon_voucher_pack 
INFO - [G] Updating p_uncommon_voucher_pack 
INFO - [G] checking p_fusion_voucher_pack 
INFO - [G] Updating p_fusion_voucher_pack 
INFO - [G] 2026-01-02 21:44:15 :: DEBUG :: DefaultLogger :: Better Illusion voucher patch Activated! 
INFO - [G] 2026-01-02 21:44:15 :: INFO  :: FoolsGambit/Compat :: Joker display compat loaded! 
INFO - [G] 2026-01-02 21:44:15 :: INFO  :: Fool's gambit :: 


=== [ /!\ WARNING /!\ ] ===

You are playing with Debug Mode enabled.
This can lead to unexpected errors, as it may contain unfinished content.

WHEN MAKING A BUG REPORT, STATE THAT YOU ARE USING DEBUG MODE.
Fool's Gambit version: 0.3.1

=== [ /!\ WARNING /!\ ] ===

 
INFO - [G] 2026-01-02 21:44:15 :: TRACE :: Loader :: Mod ortalab was unable to load:  
INFO - [G] 2026-01-02 21:44:15 :: WARN  :: Rank :: Tried to use duplicate card key A, aborting registration 
INFO - [G] 2026-01-02 21:44:15 :: TRACE :: Loader :: Mod Reverie was unable to load:  
INFO - [G] 2026-01-02 21:44:15 :: TRACE :: Loader :: Mod RevosVault was unable to load:  
INFO - [G] 2026-01-02 21:44:15 :: WARN  :: Atlas :: Detected duplicate register call on object ExtraCredit_ECjokers 
INFO - [G] 2026-01-02 21:44:15 :: WARN  :: Atlas :: Detected duplicate register call on object ExtraCredit_ECother 
INFO - [G] 2026-01-02 21:44:15 :: DEBUG :: DefaultLogger :: [CCC] Joker main file loaded 
INFO - [G] 2026-01-02 21:44:15 :: DEBUG :: DefaultLogger :: [CCC] Last Joker file loaded 
INFO - [♥] Applied 1 patch to '=[SMODS CelesteCardCollection "lua_files/jokers/uncommon/pointlessmachines.lua"]'
INFO - [G] 2026-01-02 21:44:15 :: DEBUG :: DefaultLogger :: [CCC] Joker files load attempted, if you do not see a 'Last Joker file loaded' before this it failed! 
INFO - [G] 2026-01-02 21:44:15 :: DEBUG :: DefaultLogger :: [CCC] Decks loaded 
INFO - [G] 2026-01-02 21:44:15 :: DEBUG :: DefaultLogger :: [CCC] Vouchers loaded 
INFO - [G] 2026-01-02 21:44:15 :: DEBUG :: DefaultLogger :: [CCC] Rarities loaded 
INFO - [G] 2026-01-02 21:44:15 :: WARN  :: Atlas :: Detected duplicate register call on object ccc_modicon 
INFO - [G] 2026-01-02 21:44:15 :: WARN  :: Atlas :: Detected duplicate register call on object ovrf_modicon 
INFO - [G] 2026-01-02 21:44:15 :: TRACE :: Loader :: Mod ceres was unable to load:  
INFO - [G] 2026-01-02 21:44:15 :: TRACE :: Loader :: Mod balatrostuck was unable to load:  
INFO - [G] 2026-01-02 21:44:15 :: TRACE :: Loader :: Mod Cryptid was unable to load:  
INFO - [G] 2026-01-02 21:44:15 :: TRACE :: Loader :: Mod entr was unable to load: Missing Dependencies: 1: Cryptlib

 
INFO - [G] 2026-01-02 21:44:15 :: TRACE :: Loader :: Mod aikoyorisshenanigans was unable to load:  
INFO - [G] 2026-01-02 21:44:15 :: TRACE :: Loader :: Mod UnStable was unable to load:  
INFO - [G] 2026-01-02 21:44:15 :: DEBUG :: rhLoadSounds :: Got file "Base.lua", extension ".lua" 
INFO - [G] 2026-01-02 21:44:15 :: DEBUG :: rhLoadSounds :: Loading Base.lua 
INFO - [G] 2026-01-02 21:44:15 :: DEBUG :: rhLoadSounds :: Got file "English.lua", extension ".lua" 
INFO - [G] 2026-01-02 21:44:15 :: DEBUG :: rhLoadSounds :: Loading English.lua 
INFO - [G] 2026-01-02 21:44:15 :: DEBUG :: rhLoadSounds :: Got file "French.lua", extension ".lua" 
INFO - [G] 2026-01-02 21:44:15 :: DEBUG :: rhLoadSounds :: Loading French.lua 
INFO - [G] 2026-01-02 21:44:15 :: DEBUG :: rhLoadSounds :: Got file "Japanese.lua", extension ".lua" 
INFO - [G] 2026-01-02 21:44:15 :: DEBUG :: rhLoadSounds :: Loading Japanese.lua 
INFO - [G] 2026-01-02 21:44:15 :: DEBUG :: rhLoadSounds :: Got file "Spanish.lua", extension ".lua" 
INFO - [G] 2026-01-02 21:44:15 :: DEBUG :: rhLoadSounds :: Loading Spanish.lua 
INFO - [G] 2026-01-02 21:44:15 :: TRACE :: Loader :: Mod UnStableEX was unable to load: Missing Dependencies: 1: UnStable

 
INFO - [G] 2026-01-02 21:44:15 :: INFO  :: TIMER :: [0000] Injected Fonts in 0.008 ms 
INFO - [G] 2026-01-02 21:44:15 :: INFO  :: TIMER :: [0000] Injected DynaTextEffects in 0.001 ms 
INFO - [G] 2026-01-02 21:44:15 :: INFO  :: TIMER :: [0000] Injected Language in 0.001 ms 
INFO - [G] 2026-01-02 21:44:15 :: INFO  :: TIMER :: [0000] Injected [INTERNAL] in 0.891 ms 
INFO - [G] 2026-01-02 21:44:16 :: INFO  :: TIMER :: [0500] Injected Atlas in 562.322 ms 
INFO - [G] 2026-01-02 21:44:16 :: INFO  :: TIMER :: [0065] Injected Sound in 16.940 ms 
INFO - [G] 2026-01-02 21:44:16 :: INFO  :: TIMER :: [0006] Injected nil in 0.016 ms 
INFO - [G] 2026-01-02 21:44:16 :: INFO  :: TIMER :: [0013] Injected Stake in 0.233 ms 
INFO - [G] 2026-01-02 21:44:16 :: INFO  :: TIMER :: [0013] Injected Rarity in 0.036 ms 
INFO - [G] 2026-01-02 21:44:16 :: INFO  :: TIMER :: [0022] Injected ObjectType in 0.160 ms 
INFO - [G] 2026-01-02 21:44:16 :: INFO  :: TIMER :: [1840] Injected Center in 7.664 ms 
INFO - [G] 2026-01-02 21:44:16 :: INFO  :: TIMER :: [0022] Injected Undiscovered Sprite in 0.036 ms 
INFO - [G] 2026-01-02 21:44:16 :: INFO  :: TIMER :: [0097] Injected Blind in 0.211 ms 
INFO - [G] 2026-01-02 21:44:16 :: INFO  :: TIMER :: [0019] Injected Seal in 0.285 ms 
INFO - [G] 2026-01-02 21:44:16 :: INFO  :: TIMER :: [0010] Injected Suit in 0.157 ms 
INFO - [G] 2026-01-02 21:44:16 :: INFO  :: TIMER :: [0017] Injected Rank in 0.234 ms 
INFO - [G] 2026-01-02 21:44:16 :: INFO  :: TIMER :: [0055] Injected DeckSkin in 0.314 ms 
INFO - [G] 2026-01-02 21:44:16 :: INFO  :: TIMER :: [0023] Injected JimboQuip in 0.093 ms 
INFO - [G] 2026-01-02 21:44:16 :: INFO  :: TIMER :: [0027] Injected PokerHand in 0.145 ms 
INFO - [G] 2026-01-02 21:44:16 :: INFO  :: TIMER :: [0038] Injected Challenge in 0.060 ms 
INFO - [G] 2026-01-02 21:44:16 :: INFO  :: TIMER :: [0026] Injected Tag in 0.108 ms 
INFO - [G] 2026-01-02 21:44:16 :: INFO  :: TIMER :: [0030] Injected Sticker in 0.815 ms 
INFO - [G] 2026-01-02 21:44:16 :: INFO  :: TIMER :: [0013] Injected Shader in 43.647 ms 
INFO - [G] 2026-01-02 21:44:16 :: INFO  :: TIMER :: [0002] Injected Keybind in 0.010 ms 
INFO - [G] 2026-01-02 21:44:16 :: INFO  :: TIMER :: [0006] Injected Achievement in 0.038 ms 
INFO - [G] 2026-01-02 21:44:16 :: INFO  :: TIMER :: [0002] Injected Scoring_Parameters in 0.106 ms 
INFO - [G] 2026-01-02 21:44:16 :: INFO  :: TIMER :: [0007] Injected Scoring_Calculations in 0.011 ms 
INFO - [G] 2026-01-02 21:44:16 :: INFO  :: TIMER :: [0026] Injected Draw Step in 0.041 ms 
INFO - [G] 2026-01-02 21:44:16 :: INFO  :: TIMER :: [0000] Injected [INTERNAL] in 28.380 ms 
INFO - [G] 2026-01-02 21:44:16 :: INFO  :: TIMER :: [0005] Injected BlindEdition in 0.030 ms 
INFO - [G] 2026-01-02 21:44:16 :: WARN  :: Joker :: Cannot take ownership of j_jesto_typography: Does not exist. 
INFO - [G] [DebugPlus] Press [/] to toggle console and press [shift] + [/] to toggle new log previews 
